[main 895e22f] sync: auto-sync at 2025年 07月 16日 星期三 14:23:00 CST
 4 files changed, 3 insertions(+), 50 deletions(-)
To github.com:bakulman/bakulman.git
   8c00192..895e22f  main -> main
--- Sync finished at 2025年 07月 16日 星期三 14:23:05 CST ---

--- Starting sync at 2025年 07月 16日 星期三 22:00:00 CST ---
[main 3fcae69] sync: auto-sync at 2025年 07月 16日 星期三 22:00:00 CST
 7 files changed, 216 insertions(+), 59 deletions(-)
 create mode 100644 build cs.md
 create mode 100644 "git\345\206\205\351\203\250\345\216\237\347\220\206\347\232\204\344\270\200\347\202\271\347\220\206\350\247\243.md"
 create mode 100644 "\346\226\257\347\211\271\346\236\227\346\225\260.md"
To github.com:bakulman/bakulman.git
   ce17f24..3fcae69  main -> main
--- Sync finished at 2025年 07月 16日 星期三 22:00:06 CST ---

--- Starting sync at 2025年 07月 17日 星期四 10:00:00 CST ---
[main c1e4643] sync: auto-sync at 2025年 07月 17日 星期四 10:00:00 CST
 8 files changed, 182 insertions(+), 19 deletions(-)
 create mode 100644 "git-rm\345\221\275\344\273\244\350\257\246\350\247\243.md"
To github.com:bakulman/bakulman.git
   3fcae69..c1e4643  main -> main
--- Sync finished at 2025年 07月 17日 星期四 10:00:07 CST ---

--- Starting sync at 2025年 07月 17日 星期四 12:00:00 CST ---
[main 340e2fb] sync: auto-sync at 2025年 07月 17日 星期四 12:00:00 CST
 5 files changed, 39 insertions(+), 18 deletions(-)
 create mode 100644 daily/2025-07-17.md
Read from remote host github.com: Network is unreachable
client_loop: send disconnect: Broken pipe
send-pack: unexpected disconnect while reading sideband packet
致命错误：远端意外挂断了
--- Sync finished at 2025年 07月 17日 星期四 13:47:36 CST ---

--- Starting sync at 2025年 07月 17日 星期四 22:00:01 CST ---
[main b6ce54b] sync: auto-sync at 2025年 07月 17日 星期四 22:00:01 CST
 5 files changed, 116 insertions(+), 71 deletions(-)
To github.com:bakulman/bakulman.git
   c1e4643..b6ce54b  main -> main
--- Sync finished at 2025年 07月 17日 星期四 22:00:06 CST ---

--- Starting sync at 2025年 07月 18日 星期五 12:28:31 CST ---
[main 96c46c9] sync: auto-sync at 2025年 07月 18日 星期五 12:28:31 CST
 8 files changed, 144 insertions(+), 31 deletions(-)
 create mode 100644 git checkout.md
ssh: Could not resolve hostname github.com: Temporary failure in name resolution
致命错误：无法读取远程仓库。

请确认您有正确的访问权限并且仓库存在。
--- Sync finished at 2025年 07月 18日 星期五 12:28:31 CST ---

--- Starting sync at 2025年 07月 18日 星期五 22:00:00 CST ---
[main 5954385] sync: auto-sync at 2025年 07月 18日 星期五 22:00:00 CST
 5 files changed, 147 insertions(+), 25 deletions(-)
 create mode 100644 git origin.md
To github.com:bakulman/bakulman.git
   b6ce54b..5954385  main -> main
--- Sync finished at 2025年 07月 18日 星期五 22:00:06 CST ---

--- Starting sync at 2025年 07月 19日 星期六 12:00:00 CST ---
[main 2d0c376] sync: auto-sync at 2025年 07月 19日 星期六 12:00:00 CST
 11 files changed, 241 insertions(+), 68 deletions(-)
 create mode 100644 daily/2025-07-19.md
 create mode 100644 "nvim\350\207\252\345\212\250\345\210\207\346\215\242\344\270\255\350\213\261\346\226\207.md"
 create mode 100644 "tmux\345\277\253\346\215\267\351\224\256.md"
 create mode 100644 "\346\234\252\345\221\275\345\220\215 3.md"
 create mode 100644 "\346\234\252\345\221\275\345\220\215 4.md"
To github.com:bakulman/bakulman.git
   5954385..2d0c376  main -> main
--- Sync finished at 2025年 07月 19日 星期六 12:00:06 CST ---

--- Starting sync at 2025年 07月 19日 星期六 22:00:00 CST ---
[main 6c94aa3] sync: auto-sync at 2025年 07月 19日 星期六 22:00:00 CST
 14 files changed, 124 insertions(+), 96 deletions(-)
 rename "unix \345\244\247\345\255\246\346\225\231\347\250\213-1752328153228.webp" => "unix \345\244\247\345\255\246\346\225\231\347\250\213/unix \345\244\247\345\255\246\346\225\231\347\250\213-1752328153228.webp" (100%)
 rename "unix \345\244\247\345\255\246\346\225\231\347\250\213-1752330627899.webp" => "unix \345\244\247\345\255\246\346\225\231\347\250\213/unix \345\244\247\345\255\246\346\225\231\347\250\213-1752330627899.webp" (100%)
 rename "unix \345\244\247\345\255\246\346\225\231\347\250\213-1752331449988.webp" => "unix \345\244\247\345\255\246\346\225\231\347\250\213/unix \345\244\247\345\255\246\346\225\231\347\250\213-1752331449988.webp" (100%)
 rename "unix \345\244\247\345\255\246\346\225\231\347\250\213-1752331811887.webp" => "unix \345\244\247\345\255\246\346\225\231\347\250\213/unix \345\244\247\345\255\246\346\225\231\347\250\213-1752331811887.webp" (100%)
 rename "unix \345\244\247\345\255\246\346\225\231\347\250\213-1752331834273.webp" => "unix \345\244\247\345\255\246\346\225\231\347\250\213/unix \345\244\247\345\255\246\346\225\231\347\250\213-1752331834273.webp" (100%)
 rename "unix \345\244\247\345\255\246\346\225\231\347\250\213-1752332875998.webp" => "unix \345\244\247\345\255\246\346\225\231\347\250\213/unix \345\244\247\345\255\246\346\225\231\347\250\213-1752332875998.webp" (100%)
To github.com:bakulman/bakulman.git
   2d0c376..6c94aa3  main -> main
--- Sync finished at 2025年 07月 19日 星期六 22:00:05 CST ---

--- Starting sync at 2025年 07月 20日 星期日 12:00:00 CST ---
[main ed16c7a] sync: auto-sync at 2025年 07月 20日 星期日 12:00:00 CST
 4 files changed, 39 insertions(+), 13 deletions(-)
 create mode 100644 kquitapp5 plasmashell && kstart5 plasmashell.md
ssh: connect to host github.com port 22: Connection timed out
致命错误：无法读取远程仓库。

请确认您有正确的访问权限并且仓库存在。
--- Sync finished at 2025年 07月 20日 星期日 12:02:14 CST ---

--- Starting sync at 2025年 07月 20日 星期日 23:32:58 CST ---
[main 0e3bf7a] sync: auto-sync at 2025年 07月 20日 星期日 23:32:58 CST
 1 file changed, 10 insertions(+)
To github.com:bakulman/bakulman.git
   6c94aa3..0e3bf7a  main -> main
--- Sync finished at 2025年 07月 20日 星期日 23:33:02 CST ---

--- Starting sync at 2025年 07月 21日 星期一 22:00:00 CST ---
[main 4e50737] sync: auto-sync at 2025年 07月 21日 星期一 22:00:00 CST
 1 file changed, 7 insertions(+)
ssh: connect to host github.com port 22: Network is unreachable
致命错误：无法读取远程仓库。

请确认您有正确的访问权限并且仓库存在。
--- Sync finished at 2025年 07月 21日 星期一 23:52:16 CST ---

--- Starting sync at 2025年 07月 22日 星期二 14:02:50 CST ---
[main ae856ad] sync: auto-sync at 2025年 07月 22日 星期二 14:02:50 CST
 1 file changed, 9 insertions(+)
ssh: connect to host github.com port 22: Connection timed out
致命错误：无法读取远程仓库。

请确认您有正确的访问权限并且仓库存在。
--- Sync finished at 2025年 07月 22日 星期二 14:05:04 CST ---

--- Starting sync at 2025年 07月 22日 星期二 22:00:00 CST ---
[main 29c5e82] sync: auto-sync at 2025年 07月 22日 星期二 22:00:00 CST
 1 file changed, 9 insertions(+)
To github.com:bakulman/bakulman.git
   0e3bf7a..29c5e82  main -> main
--- Sync finished at 2025年 07月 22日 星期二 22:00:04 CST ---

--- Starting sync at 2025年 07月 23日 星期三 12:00:00 CST ---
[main 262166d] sync: auto-sync at 2025年 07月 23日 星期三 12:00:00 CST
 1 file changed, 7 insertions(+)
To github.com:bakulman/bakulman.git
   29c5e82..262166d  main -> main
--- Sync finished at 2025年 07月 23日 星期三 12:00:05 CST ---

--- Starting sync at 2025年 07月 23日 星期三 22:11:48 CST ---
[main d95488c] sync: auto-sync at 2025年 07月 23日 星期三 22:11:48 CST
 1 file changed, 7 insertions(+)
ssh: Could not resolve hostname github.com: Temporary failure in name resolution
致命错误：无法读取远程仓库。

请确认您有正确的访问权限并且仓库存在。
--- Sync finished at 2025年 07月 23日 星期三 22:11:48 CST ---

--- Starting sync at 2025年 07月 24日 星期四 10:00:00 CST ---
[main dfe4594] sync: auto-sync at 2025年 07月 24日 星期四 10:00:00 CST
 228 files changed, 219 insertions(+), 8830 deletions(-)
 delete mode 100755 "Notes/C++  Primer \344\270\255\346\226\207\347\211\210  \347\254\2545\347\211\210\343\200\220\351\207\215\345\210\266\346\226\207\345\255\227\347\211\210\343\200\221.md"
 create mode 100644 daily/2025-07-23.md
 delete mode 100755 "reading/epub/\351\202\223\345\260\217\345\271\263\346\227\266\344\273\243 (\345\202\205\351\253\230\344\271\211 [\345\202\205\351\253\230\344\271\211]) (Z-Library) (1).epub"
 delete mode 100755 "reading/epub/\351\202\223\345\260\217\345\271\263\346\227\266\344\273\243 (\345\202\205\351\253\230\344\271\211 [\345\202\205\351\253\230\344\271\211]) (Z-Library) (1)/Cover.md"
 delete mode 100755 "reading/epub/\351\202\223\345\260\217\345\271\263\346\227\266\344\273\243 (\345\202\205\351\253\230\344\271\211 [\345\202\205\351\253\230\344\271\211]) (Z-Library) (1)/images/00001.jpg"
 delete mode 100755 "reading/epub/\351\202\223\345\260\217\345\271\263\346\227\266\344\273\243 (\345\202\205\351\253\230\344\271\211 [\345\202\205\351\253\230\344\271\211]) (Z-Library) (1)/images/00002.jpg"
 delete mode 100755 "reading/epub/\351\202\223\345\260\217\345\271\263\346\227\266\344\273\243 (\345\202\205\351\253\230\344\271\211 [\345\202\205\351\253\230\344\271\211]) (Z-Library) (1)/images/00003.jpg"
 delete mode 100755 "reading/epub/\351\202\223\345\260\217\345\271\263\346\227\266\344\273\243 (\345\202\205\351\253\230\344\271\211 [\345\202\205\351\253\230\344\271\211]) (Z-Library) (1)/images/00004.jpg"
 delete mode 100755 "reading/epub/\351\202\223\345\260\217\345\271\263\346\227\266\344\273\243 (\345\202\205\351\253\230\344\271\211 [\345\202\205\351\253\230\344\271\211]) (Z-Library) (1)/images/00005.jpg"
 delete mode 100755 "reading/epub/\351\202\223\345\260\217\345\271\263\346\227\266\344\273\243 (\345\202\205\351\253\230\344\271\211 [\345\202\205\351\253\230\344\271\211]) (Z-Library) (1)/images/00006.jpg"
 delete mode 100755 "reading/epub/\351\202\223\345\260\217\345\271\263\346\227\266\344\273\243 (\345\202\205\351\253\230\344\271\211 [\345\202\205\351\253\230\344\271\211]) (Z-Library) (1)/images/00007.jpg"
 delete mode 100755 "reading/epub/\351\202\223\345\260\217\345\271\263\346\227\266\344\273\243 (\345\202\205\351\253\230\344\271\211 [\345\202\205\351\253\230\344\271\211]) (Z-Library) (1)/images/00008.jpg"
 delete mode 100755 "reading/epub/\351\202\223\345\260\217\345\271\263\346\227\266\344\273\243 (\345\202\205\351\253\230\344\271\211 [\345\202\205\351\253\230\344\271\211]) (Z-Library) (1)/images/00009.jpg"
 delete mode 100755 "reading/epub/\351\202\223\345\260\217\345\271\263\346\227\266\344\273\243 (\345\202\205\351\253\230\344\271\211 [\345\202\205\351\253\230\344\271\211]) (Z-Library) (1)/images/00010.jpg"
 delete mode 100755 "reading/epub/\351\202\223\345\260\217\345\271\263\346\227\266\344\273\243 (\345\202\205\351\253\230\344\271\211 [\345\202\205\351\253\230\344\271\211]) (Z-Library) (1)/images/00011.jpg"
 delete mode 100755 "reading/epub/\351\202\223\345\260\217\345\271\263\346\227\266\344\273\243 (\345\202\205\351\253\230\344\271\211 [\345\202\205\351\253\230\344\271\211]) (Z-Library) (1)/images/00012.jpg"
 delete mode 100755 "reading/epub/\351\202\223\345\260\217\345\271\263\346\227\266\344\273\243 (\345\202\205\351\253\230\344\271\211 [\345\202\205\351\253\230\344\271\211]) (Z-Library) (1)/images/00013.jpg"
 delete mode 100755 "reading/epub/\351\202\223\345\260\217\345\271\263\346\227\266\344\273\243 (\345\202\205\351\253\230\344\271\211 [\345\202\205\351\253\230\344\271\211]) (Z-Library) (1)/images/00014.jpg"
 delete mode 100755 "reading/epub/\351\202\223\345\260\217\345\271\263\346\227\266\344\273\243 (\345\202\205\351\253\230\344\271\211 [\345\202\205\351\253\230\344\271\211]) (Z-Library) (1)/images/00015.jpg"
 delete mode 100755 "reading/epub/\351\202\223\345\260\217\345\271\263\346\227\266\344\273\243 (\345\202\205\351\253\230\344\271\211 [\345\202\205\351\253\230\344\271\211]) (Z-Library) (1)/images/00016.jpg"
 delete mode 100755 "reading/epub/\351\202\223\345\260\217\345\271\263\346\227\266\344\273\243 (\345\202\205\351\253\230\344\271\211 [\345\202\205\351\253\230\344\271\211]) (Z-Library) (1)/images/00017.jpg"
 delete mode 100755 "reading/epub/\351\202\223\345\260\217\345\271\263\346\227\266\344\273\243 (\345\202\205\351\253\230\344\271\211 [\345\202\205\351\253\230\344\271\211]) (Z-Library) (1)/images/00018.jpg"
 delete mode 100755 "reading/epub/\351\202\223\345\260\217\345\271\263\346\227\266\344\273\243 (\345\202\205\351\253\230\344\271\211 [\345\202\205\351\253\230\344\271\211]) (Z-Library) (1)/images/00019.jpg"
 delete mode 100755 "reading/epub/\351\202\223\345\260\217\345\271\263\346\227\266\344\273\243 (\345\202\205\351\253\230\344\271\211 [\345\202\205\351\253\230\344\271\211]) (Z-Library) (1)/images/00020.jpg"
 delete mode 100755 "reading/epub/\351\202\223\345\260\217\345\271\263\346\227\266\344\273\243 (\345\202\205\351\253\230\344\271\211 [\345\202\205\351\253\230\344\271\211]) (Z-Library) (1)/images/00021.jpg"
 delete mode 100755 "reading/epub/\351\202\223\345\260\217\345\271\263\346\227\266\344\273\243 (\345\202\205\351\253\230\344\271\211 [\345\202\205\351\253\230\344\271\211]) (Z-Library) (1)/images/00022.jpg"
 delete mode 100755 "reading/epub/\351\202\223\345\260\217\345\271\263\346\227\266\344\273\243 (\345\202\205\351\253\230\344\271\211 [\345\202\205\351\253\230\344\271\211]) (Z-Library) (1)/images/00023.jpg"
 delete mode 100755 "reading/epub/\351\202\223\345\260\217\345\271\263\346\227\266\344\273\243 (\345\202\205\351\253\230\344\271\211 [\345\202\205\351\253\230\344\271\211]) (Z-Library) (1)/images/00024.jpg"
 delete mode 100755 "reading/epub/\351\202\223\345\260\217\345\271\263\346\227\266\344\273\243 (\345\202\205\351\253\230\344\271\211 [\345\202\205\351\253\230\344\271\211]) (Z-Library) (1)/images/00025.jpg"
 delete mode 100755 "reading/epub/\351\202\223\345\260\217\345\271\263\346\227\266\344\273\243 (\345\202\205\351\253\230\344\271\211 [\345\202\205\351\253\230\344\271\211]) (Z-Library) (1)/images/00026.jpg"
 delete mode 100755 "reading/epub/\351\202\223\345\260\217\345\271\263\346\227\266\344\273\243 (\345\202\205\351\253\230\344\271\211 [\345\202\205\351\253\230\344\271\211]) (Z-Library) (1)/images/00027.jpg"
 delete mode 100755 "reading/epub/\351\202\223\345\260\217\345\271\263\346\227\266\344\273\243 (\345\202\205\351\253\230\344\271\211 [\345\202\205\351\253\230\344\271\211]) (Z-Library) (1)/images/00028.jpg"
 delete mode 100755 "reading/epub/\351\202\223\345\260\217\345\271\263\346\227\266\344\273\243 (\345\202\205\351\253\230\344\271\211 [\345\202\205\351\253\230\344\271\211]) (Z-Library) (1)/images/00029.jpg"
 delete mode 100755 "reading/epub/\351\202\223\345\260\217\345\271\263\346\227\266\344\273\243 (\345\202\205\351\253\230\344\271\211 [\345\202\205\351\253\230\344\271\211]) (Z-Library) (1)/images/00030.jpg"
 delete mode 100755 "reading/epub/\351\202\223\345\260\217\345\271\263\346\227\266\344\273\243 (\345\202\205\351\253\230\344\271\211 [\345\202\205\351\253\230\344\271\211]) (Z-Library) (1)/images/00031.jpg"
 delete mode 100755 "reading/epub/\351\202\223\345\260\217\345\271\263\346\227\266\344\273\243 (\345\202\205\351\253\230\344\271\211 [\345\202\205\351\253\230\344\271\211]) (Z-Library) (1)/images/00034.jpg"
 delete mode 100755 "reading/epub/\351\202\223\345\260\217\345\271\263\346\227\266\344\273\243 (\345\202\205\351\253\230\344\271\211 [\345\202\205\351\253\230\344\271\211]) (Z-Library) (1)/images/00035.jpg"
 delete mode 100755 "reading/epub/\351\202\223\345\260\217\345\271\263\346\227\266\344\273\243 (\345\202\205\351\253\230\344\271\211 [\345\202\205\351\253\230\344\271\211]) (Z-Library) (1)/images/00036.jpg"
 delete mode 100755 "reading/epub/\351\202\223\345\260\217\345\271\263\346\227\266\344\273\243 (\345\202\205\351\253\230\344\271\211 [\345\202\205\351\253\230\344\271\211]) (Z-Library) (1)/images/00037.jpg"
 delete mode 100755 "reading/epub/\351\202\223\345\260\217\345\271\263\346\227\266\344\273\243 (\345\202\205\351\253\230\344\271\211 [\345\202\205\351\253\230\344\271\211]) (Z-Library) (1)/images/00038.jpg"
 delete mode 100755 "reading/epub/\351\202\223\345\260\217\345\271\263\346\227\266\344\273\243 (\345\202\205\351\253\230\344\271\211 [\345\202\205\351\253\230\344\271\211]) (Z-Library) (1)/images/00039.jpg"
 delete mode 100755 "reading/epub/\351\202\223\345\260\217\345\271\263\346\227\266\344\273\243 (\345\202\205\351\253\230\344\271\211 [\345\202\205\351\253\230\344\271\211]) (Z-Library) (1)/images/00040.jpg"
 delete mode 100755 "reading/epub/\351\202\223\345\260\217\345\271\263\346\227\266\344\273\243 (\345\202\205\351\253\230\344\271\211 [\345\202\205\351\253\230\344\271\211]) (Z-Library) (1)/images/00041.jpg"
 delete mode 100755 "reading/epub/\351\202\223\345\260\217\345\271\263\346\227\266\344\273\243 (\345\202\205\351\253\230\344\271\211 [\345\202\205\351\253\230\344\271\211]) (Z-Library) (1)/images/00042.jpg"
 delete mode 100755 "reading/epub/\351\202\223\345\260\217\345\271\263\346\227\266\344\273\243 (\345\202\205\351\253\230\344\271\211 [\345\202\205\351\253\230\344\271\211]) (Z-Library) (1)/images/00043.jpg"
 delete mode 100755 "reading/epub/\351\202\223\345\260\217\345\271\263\346\227\266\344\273\243 (\345\202\205\351\253\230\344\271\211 [\345\202\205\351\253\230\344\271\211]) (Z-Library) (1)/images/00044.jpg"
 delete mode 100755 "reading/epub/\351\202\223\345\260\217\345\271\263\346\227\266\344\273\243 (\345\202\205\351\253\230\344\271\211 [\345\202\205\351\253\230\344\271\211]) (Z-Library) (1)/images/00045.jpg"
 delete mode 100755 "reading/epub/\351\202\223\345\260\217\345\271\263\346\227\266\344\273\243 (\345\202\205\351\253\230\344\271\211 [\345\202\205\351\253\230\344\271\211]) (Z-Library) (1)/images/00046.jpg"
 delete mode 100755 "reading/epub/\351\202\223\345\260\217\345\271\263\346\227\266\344\273\243 (\345\202\205\351\253\230\344\271\211 [\345\202\205\351\253\230\344\271\211]) (Z-Library) (1)/images/cover.jpeg"
 delete mode 100755 "reading/epub/\351\202\223\345\260\217\345\271\263\346\227\266\344\273\243 (\345\202\205\351\253\230\344\271\211 [\345\202\205\351\253\230\344\271\211]) (Z-Library) (1)/\344\270\255\345\233\275\345\205\261\344\272\247\345\205\232\345\216\206\346\254\241\345\205\250\345\233\275\344\273\243\350\241\250\345\244\247\344\274\232\345\222\214\344\270\255\345\244\256\345\205\250\344\275\223\344\274\232\350\256\2561956\342\200\2231992.md"
 delete mode 100755 "reading/epub/\351\202\223\345\260\217\345\271\263\346\227\266\344\273\243 (\345\202\205\351\253\230\344\271\211 [\345\202\205\351\253\230\344\271\211]) (Z-Library) (1)/\345\211\215\350\250\200\343\200\200\346\216\242\345\257\273\351\202\223\345\260\217\345\271\263.md"
 delete mode 100755 "reading/epub/\351\202\223\345\260\217\345\271\263\346\227\266\344\273\243 (\345\202\205\351\253\230\344\271\211 [\345\202\205\351\253\230\344\271\211]) (Z-Library) (1)/\345\234\260\345\233\276\343\200\2001980\345\271\264\344\273\243\347\232\204\344\270\255\345\233\275.md"
 delete mode 100755 "reading/epub/\351\202\223\345\260\217\345\271\263\346\227\266\344\273\243 (\345\202\205\351\253\230\344\271\211 [\345\202\205\351\253\230\344\271\211]) (Z-Library) (1)/\345\257\274\350\250\200\343\200\200\350\277\231\344\270\252\344\272\272\345\222\214\344\273\226\347\232\204\344\275\277\345\221\275.md"
 delete mode 100755 "reading/epub/\351\202\223\345\260\217\345\271\263\346\227\266\344\273\243 (\345\202\205\351\253\230\344\271\211 [\345\202\205\351\253\230\344\271\211]) (Z-Library) (1)/\346\211\211\343\200\200\351\241\265.md"
 delete mode 100755 "reading/epub/\351\202\223\345\260\217\345\271\263\346\227\266\344\273\243 (\345\202\205\351\253\230\344\271\211 [\345\202\205\351\253\230\344\271\211]) (Z-Library) (1)/\346\263\250\343\200\200\351\207\212.md"
 delete mode 100755 "reading/epub/\351\202\223\345\260\217\345\271\263\346\227\266\344\273\243 (\345\202\205\351\253\230\344\271\211 [\345\202\205\351\253\230\344\271\211]) (Z-Library) (1)/\347\254\25410\347\253\240\343\200\200\345\220\221\346\227\245\346\234\254\345\274\200\346\224\276\357\274\2321978.md"
 delete mode 100755 "reading/epub/\351\202\223\345\260\217\345\271\263\346\227\266\344\273\243 (\345\202\205\351\253\230\344\271\211 [\345\202\205\351\253\230\344\271\211]) (Z-Library) (1)/\347\254\25411\347\253\240\343\200\200\345\220\221\347\276\216\345\233\275\346\225\236\345\274\200\345\244\247\351\227\250\357\274\2321978\342\200\2231979.md"
 delete mode 100755 "reading/epub/\351\202\223\345\260\217\345\271\263\346\227\266\344\273\243 (\345\202\205\351\253\230\344\271\211 [\345\202\205\351\253\230\344\271\211]) (Z-Library) (1)/\347\254\25412\347\253\240\343\200\200\347\273\204\345\273\272\351\242\206\345\257\274\347\217\255\345\255\220\357\274\2321979\342\200\2231980.md"
 delete mode 100755 "reading/epub/\351\202\223\345\260\217\345\271\263\346\227\266\344\273\243 (\345\202\205\351\253\230\344\271\211 [\345\202\205\351\253\230\344\271\211]) (Z-Library) (1)/\347\254\25413\347\253\240 \351\202\223\345\260\217\345\271\263\347\232\204\346\262\273\345\233\275\346\234\257.md"
 delete mode 100755 "reading/epub/\351\202\223\345\260\217\345\271\263\346\227\266\344\273\243 (\345\202\205\351\253\230\344\271\211 [\345\202\205\351\253\230\344\271\211]) (Z-Library) (1)/\347\254\25414\347\253\240\343\200\200\345\271\277\344\270\234\345\222\214\347\246\217\345\273\272\347\232\204\350\257\225\351\252\214\357\274\2321979\342\200\2231984.md"
 delete mode 100755 "reading/epub/\351\202\223\345\260\217\345\271\263\346\227\266\344\273\243 (\345\202\205\351\253\230\344\271\211 [\345\202\205\351\253\230\344\271\211]) (Z-Library) (1)/\347\254\25415\347\253\240\343\200\200\347\273\217\346\265\216\350\260\203\346\225\264\345\222\214\345\206\234\346\235\221\346\224\271\351\235\251\357\274\2321978\342\200\2231982.md"
 delete mode 100755 "reading/epub/\351\202\223\345\260\217\345\271\263\346\227\266\344\273\243 (\345\202\205\351\253\230\344\271\211 [\345\202\205\351\253\230\344\271\211]) (Z-Library) (1)/\347\254\25416\347\253\240\343\200\200\345\212\240\345\277\253\347\273\217\346\265\216\345\217\221\345\261\225\345\222\214\345\274\200\346\224\276\357\274\2321982\342\200\2231989.md"
 delete mode 100755 "reading/epub/\351\202\223\345\260\217\345\271\263\346\227\266\344\273\243 (\345\202\205\351\253\230\344\271\211 [\345\202\205\351\253\230\344\271\211]) (Z-Library) (1)/\347\254\25417\347\253\240\343\200\200\344\270\200\345\233\275\344\270\244\345\210\266\357\274\232\345\217\260\346\271\276\343\200\201\351\246\231\346\270\257\345\222\214\350\245\277\350\227\217.md"
 delete mode 100755 "reading/epub/\351\202\223\345\260\217\345\271\263\346\227\266\344\273\243 (\345\202\205\351\253\230\344\271\211 [\345\202\205\351\253\230\344\271\211]) (Z-Library) (1)/\347\254\25418\347\253\240\343\200\200\344\270\272\345\206\233\344\272\213\347\216\260\344\273\243\345\214\226\344\275\234\345\207\206\345\244\207.md"
 delete mode 100755 "reading/epub/\351\202\223\345\260\217\345\271\263\346\227\266\344\273\243 (\345\202\205\351\253\230\344\271\211 [\345\202\205\351\253\230\344\271\211]) (Z-Library) (1)/\347\254\25419\347\253\240\343\200\200\346\224\277\346\262\273\347\232\204\346\275\256\350\265\267\346\275\256\350\220\275.md"
 delete mode 100755 "reading/epub/\351\202\223\345\260\217\345\271\263\346\227\266\344\273\243 (\345\202\205\351\253\230\344\271\211 [\345\202\205\351\253\230\344\271\211]) (Z-Library) (1)/\347\254\2541\347\253\240\343\200\200\351\235\251\345\221\275\350\200\205\343\200\201\345\273\272\350\256\276\350\200\205\343\200\201\346\224\271\351\235\251\350\200\205\357\274\2321904\342\200\2231969.md"
 delete mode 100755 "reading/epub/\351\202\223\345\260\217\345\271\263\346\227\266\344\273\243 (\345\202\205\351\253\230\344\271\211 [\345\202\205\351\253\230\344\271\211]) (Z-Library) (1)/\347\254\25420\347\253\240 \351\202\223\345\260\217\345\271\263\346\227\266\344\273\243\347\232\204\346\214\221\346\210\230\357\274\2321989\342\200\2231992.md"
 delete mode 100755 "reading/epub/\351\202\223\345\260\217\345\271\263\346\227\266\344\273\243 (\345\202\205\351\253\230\344\271\211 [\345\202\205\351\253\230\344\271\211]) (Z-Library) (1)/\347\254\25421\347\253\240\343\200\200\345\244\251\345\256\211\351\227\250\346\202\262\345\211\247\357\274\2321989\345\271\2645\346\234\21017\346\227\245\342\200\2236\346\234\2104\346\227\245.md"
 delete mode 100755 "reading/epub/\351\202\223\345\260\217\345\271\263\346\227\266\344\273\243 (\345\202\205\351\253\230\344\271\211 [\345\202\205\351\253\230\344\271\211]) (Z-Library) (1)/\347\254\25422\347\253\240\343\200\200\347\253\231\347\250\263\350\204\232\350\267\237\357\274\2321989\342\200\2231992.md"
 delete mode 100755 "reading/epub/\351\202\223\345\260\217\345\271\263\346\227\266\344\273\243 (\345\202\205\351\253\230\344\271\211 [\345\202\205\351\253\230\344\271\211]) (Z-Library) (1)/\347\254\25423\347\253\240\343\200\200\351\202\223\345\260\217\345\271\263\346\227\266\344\273\243\347\232\204\347\273\210\346\233\262\342\200\224\342\200\224\345\215\227\345\267\241\357\274\2321992.md"
 delete mode 100755 "reading/epub/\351\202\223\345\260\217\345\271\263\346\227\266\344\273\243 (\345\202\205\351\253\230\344\271\211 [\345\202\205\351\253\230\344\271\211]) (Z-Library) (1)/\347\254\2542\347\253\240\343\200\200\344\273\216\346\224\276\351\200\220\345\210\260\350\277\224\344\272\254\357\274\2321969\342\200\2231974.md"
 delete mode 100755 "reading/epub/\351\202\223\345\260\217\345\271\263\346\227\266\344\273\243 (\345\202\205\351\253\230\344\271\211 [\345\202\205\351\253\230\344\271\211]) (Z-Library) (1)/\347\254\2543\347\253\240\343\200\200\345\234\250\346\257\233\346\263\275\344\270\234\346\211\213\344\270\213\346\225\264\351\241\277\347\247\251\345\272\217\357\274\2321974\342\200\2231975.md"
 delete mode 100755 "reading/epub/\351\202\223\345\260\217\345\271\263\346\227\266\344\273\243 (\345\202\205\351\253\230\344\271\211 [\345\202\205\351\253\230\344\271\211]) (Z-Library) (1)/\347\254\2544\347\253\240\343\200\200\345\234\250\346\257\233\346\263\275\344\270\234\346\211\213\344\270\213\350\247\204\345\210\222\346\234\252\346\235\245\357\274\2321975.md"
 delete mode 100755 "reading/epub/\351\202\223\345\260\217\345\271\263\346\227\266\344\273\243 (\345\202\205\351\253\230\344\271\211 [\345\202\205\351\253\230\344\271\211]) (Z-Library) (1)/\347\254\2545\347\253\240\343\200\200\345\234\250\346\257\233\346\227\266\344\273\243\347\273\210\347\273\223\346\227\266\351\235\240\350\276\271\347\253\231\357\274\2321976.md"
 delete mode 100755 "reading/epub/\351\202\223\345\260\217\345\271\263\346\227\266\344\273\243 (\345\202\205\351\253\230\344\271\211 [\345\202\205\351\253\230\344\271\211]) (Z-Library) (1)/\347\254\2546\347\253\240\343\200\200\345\234\250\345\215\216\345\233\275\351\224\213\346\227\266\346\234\237\345\244\215\345\207\272\357\274\2321977\342\200\2231978.md"
 delete mode 100755 "reading/epub/\351\202\223\345\260\217\345\271\263\346\227\266\344\273\243 (\345\202\205\351\253\230\344\271\211 [\345\202\205\351\253\230\344\271\211]) (Z-Library) (1)/\347\254\2547\347\253\240\343\200\200\345\274\200\345\210\233\351\202\223\345\260\217\345\271\263\346\227\266\344\273\243\357\274\2321978\357\274\2151980.md"
 delete mode 100755 "reading/epub/\351\202\223\345\260\217\345\271\263\346\227\266\344\273\243 (\345\202\205\351\253\230\344\271\211 [\345\202\205\351\253\230\344\271\211]) (Z-Library) (1)/\347\254\2548\347\253\240\343\200\200\344\270\272\350\207\252\347\224\261\350\256\276\351\231\220\357\274\2321978\342\200\2231979.md"
 delete mode 100755 "reading/epub/\351\202\223\345\260\217\345\271\263\346\227\266\344\273\243 (\345\202\205\351\253\230\344\271\211 [\345\202\205\351\253\230\344\271\211]) (Z-Library) (1)/\347\254\2549\347\253\240\343\200\200\350\213\217\350\201\224\345\222\214\350\266\212\345\215\227\347\232\204\345\250\201\350\203\201\357\274\2321978\342\200\2231979.md"
 delete mode 100755 "reading/epub/\351\202\223\345\260\217\345\271\263\346\227\266\344\273\243 (\345\202\205\351\253\230\344\271\211 [\345\202\205\351\253\230\344\271\211]) (Z-Library) (1)/\351\202\223\345\260\217\345\271\263\346\227\266\344\273\243 (\345\202\205\351\253\230\344\271\211 [\345\202\205\351\253\230\344\271\211]) (Z-Library) (1).md"
 delete mode 100755 "reading/epub/\351\202\223\345\260\217\345\271\263\346\227\266\344\273\243 (\345\202\205\351\253\230\344\271\211 [\345\202\205\351\253\230\344\271\211]) (Z-Library) (1)/\351\202\223\345\260\217\345\271\263\346\227\266\344\273\243\347\232\204\345\205\263\351\224\256\344\272\272\347\211\251.md"
 delete mode 100755 "reading/epub/\351\202\223\345\260\217\345\271\263\346\227\266\344\273\243 (\345\202\205\351\253\230\344\271\211 [\345\202\205\351\253\230\344\271\211]) (Z-Library) (1)/\351\202\223\345\260\217\345\271\263\347\232\204\345\216\206\345\217\262\345\234\260\344\275\215.md"
 delete mode 100755 "reading/epub/\351\202\223\345\260\217\345\271\263\346\227\266\344\273\243 (\345\202\205\351\253\230\344\271\211 [\345\202\205\351\253\230\344\271\211]) (Z-Library) (1)/\351\246\231\346\270\257\344\270\255\346\226\207\347\211\210\345\207\272\347\211\210\350\257\264\346\230\216.md"
 delete mode 100755 "reading/epub/\351\202\223\345\260\217\345\271\263\346\227\266\344\273\243 (\345\202\205\351\253\230\344\271\211 [\345\202\205\351\253\230\344\271\211]) (Z-Library) (1)/\351\246\231\346\270\257\344\270\255\346\226\207\347\211\210\345\272\217.md"
 rename "ob\347\254\224\350\256\260\345\255\246\344\271\240/Image Converter for ObsidianMD.md" => "reading/ob\347\254\224\350\256\260\345\255\246\344\271\240/Image Converter for ObsidianMD.md" (100%)
 rename "ob\347\254\224\350\256\260\345\255\246\344\271\240/Media Extended 1.md" => "reading/ob\347\254\224\350\256\260\345\255\246\344\271\240/Media Extended 1.md" (100%)
 rename "ob\347\254\224\350\256\260\345\255\246\344\271\240/Media Extended.md" => "reading/ob\347\254\224\350\256\260\345\255\246\344\271\240/Media Extended.md" (100%)
 rename "ob\347\254\224\350\256\260\345\255\246\344\271\240/Obsidian Auto Link Title.md" => "reading/ob\347\254\224\350\256\260\345\255\246\344\271\240/Obsidian Auto Link Title.md" (100%)
 rename "ob\347\254\224\350\256\260\345\255\246\344\271\240/Obsidian Dataview.md" => "reading/ob\347\254\224\350\256\260\345\255\246\344\271\240/Obsidian Dataview.md" (100%)
 rename "ob\347\254\224\350\256\260\345\255\246\344\271\240/Obsidian PDF++.md" => "reading/ob\347\254\224\350\256\260\345\255\246\344\271\240/Obsidian PDF++.md" (100%)
 rename "ob\347\254\224\350\256\260\345\255\246\344\271\240/Obsidian Style Settings Plugin.md" => "reading/ob\347\254\224\350\256\260\345\255\246\344\271\240/Obsidian Style Settings Plugin.md" (100%)
 rename "ob\347\254\224\350\256\260\345\255\246\344\271\240/Obsidian Tasks.md" => "reading/ob\347\254\224\350\256\260\345\255\246\344\271\240/Obsidian Tasks.md" (100%)
 rename "ob\347\254\224\350\256\260\345\255\246\344\271\240/Obsidian \347\232\204\344\270\200\346\254\276\345\245\275\347\224\250\347\232\204 PDF \346\240\207\346\263\250\345\242\236\345\274\272\346\217\222\344\273\266.md" => "reading/ob\347\254\224\350\256\260\345\255\246\344\271\240/Obsidian \347\232\204\344\270\200\346\254\276\345\245\275\347\224\250\347\232\204 PDF \346\240\207\346\263\250\345\242\236\345\274\272\346\217\222\344\273\266.md" (100%)
 rename "ob\347\254\224\350\256\260\345\255\246\344\271\240/Obsidian \347\232\204\351\253\230\347\272\247\347\216\251\346\263\225 \346\211\223\351\200\240\350\203\275\350\267\263\350\275\254\345\210\260\344\273\273\344\275\225\346\240\274\345\274\217\346\226\207\344\273\266\347\232\204\347\254\224\350\256\260.md" => "reading/ob\347\254\224\350\256\260\345\255\246\344\271\240/Obsidian \347\232\204\351\253\230\347\272\247\347\216\251\346\263\225 \346\211\223\351\200\240\350\203\275\350\267\263\350\275\254\345\210\260\344\273\273\344\275\225\346\240\274\345\274\217\346\226\207\344\273\266\347\232\204\347\254\224\350\256\260.md" (100%)
 rename "ob\347\254\224\350\256\260\345\255\246\344\271\240/latex\346\217\222\344\273\266.md" => "reading/ob\347\254\224\350\256\260\345\255\246\344\271\240/latex\346\217\222\344\273\266.md" (100%)
 rename "ob\347\254\224\350\256\260\345\255\246\344\271\240/obsidian\345\270\270\347\224\250\345\277\253\346\215\267\351\224\256.md" => "reading/ob\347\254\224\350\256\260\345\255\246\344\271\240/obsidian\345\270\270\347\224\250\345\277\253\346\215\267\351\224\256.md" (100%)
 rename "ob\347\254\224\350\256\260\345\255\246\344\271\240/tips.md" => "reading/ob\347\254\224\350\256\260\345\255\246\344\271\240/tips.md" (100%)
 rename "ob\347\254\224\350\256\260\345\255\246\344\271\240/\345\235\227\345\274\225\347\224\250\350\257\255\346\263\225.md" => "reading/ob\347\254\224\350\256\260\345\255\246\344\271\240/\345\235\227\345\274\225\347\224\250\350\257\255\346\263\225.md" (100%)
 rename "ob\347\254\224\350\256\260\345\255\246\344\271\240/\345\255\246\344\271\240\346\265\201.md" => "reading/ob\347\254\224\350\256\260\345\255\246\344\271\240/\345\255\246\344\271\240\346\265\201.md" (100%)
 rename "ob\347\254\224\350\256\260\345\255\246\344\271\240/\350\256\260\345\275\225/\345\215\225\350\257\215\351\227\252\345\215\241promt.md" => "reading/ob\347\254\224\350\256\260\345\255\246\344\271\240/\350\256\260\345\275\225/\345\215\225\350\257\215\351\227\252\345\215\241promt.md" (100%)
 rename "ob\347\254\224\350\256\260\345\255\246\344\271\240/\350\256\260\345\275\225/\345\233\276\347\211\207/70D05C85331631A4737AE751FA8729AA.jpg" => "reading/ob\347\254\224\350\256\260\345\255\246\344\271\240/\350\256\260\345\275\225/\345\233\276\347\211\207/70D05C85331631A4737AE751FA8729AA.jpg" (100%)
 rename "ob\347\254\224\350\256\260\345\255\246\344\271\240/\350\256\260\345\275\225/\345\233\276\347\211\207/846A7B8E3562BB3FD9A6E17CDF2FBB71.jpg" => "reading/ob\347\254\224\350\256\260\345\255\246\344\271\240/\350\256\260\345\275\225/\345\233\276\347\211\207/846A7B8E3562BB3FD9A6E17CDF2FBB71.jpg" (100%)
 rename "ob\347\254\224\350\256\260\345\255\246\344\271\240/\350\256\260\345\275\225/\345\233\276\347\211\207/93F5720029A44625D8C2F1E157129152.jpg" => "reading/ob\347\254\224\350\256\260\345\255\246\344\271\240/\350\256\260\345\275\225/\345\233\276\347\211\207/93F5720029A44625D8C2F1E157129152.jpg" (100%)
 rename "ob\347\254\224\350\256\260\345\255\246\344\271\240/\350\256\260\345\275\225/\345\233\276\347\211\207/DF28E4E57B251D9772607B5684716078.jpg" => "reading/ob\347\254\224\350\256\260\345\255\246\344\271\240/\350\256\260\345\275\225/\345\233\276\347\211\207/DF28E4E57B251D9772607B5684716078.jpg" (100%)
 rename "ob\347\254\224\350\256\260\345\255\246\344\271\240/\350\256\260\345\275\225/\345\233\276\347\211\207/F158293570DCBB0FC7D1FC8D35643142.jpg" => "reading/ob\347\254\224\350\256\260\345\255\246\344\271\240/\350\256\260\345\275\225/\345\233\276\347\211\207/F158293570DCBB0FC7D1FC8D35643142.jpg" (100%)
 rename "ob\347\254\224\350\256\260\345\255\246\344\271\240/\350\256\260\345\275\225/\345\233\276\347\211\207/Pasted image 20241107154909.png" => "reading/ob\347\254\224\350\256\260\345\255\246\344\271\240/\350\256\260\345\275\225/\345\233\276\347\211\207/Pasted image 20241107154909.png" (100%)
 rename "ob\347\254\224\350\256\260\345\255\246\344\271\240/\350\256\260\345\275\225/\345\233\276\347\211\207/Pasted image 20241125130524.png" => "reading/ob\347\254\224\350\256\260\345\255\246\344\271\240/\350\256\260\345\275\225/\345\233\276\347\211\207/Pasted image 20241125130524.png" (100%)
 rename "ob\347\254\224\350\256\260\345\255\246\344\271\240/\350\256\260\345\275\225/\345\233\276\347\211\207/Pasted image 20241209154722.png" => "reading/ob\347\254\224\350\256\260\345\255\246\344\271\240/\350\256\260\345\275\225/\345\233\276\347\211\207/Pasted image 20241209154722.png" (100%)
 rename "ob\347\254\224\350\256\260\345\255\246\344\271\240/\350\256\260\345\275\225/\345\233\276\347\211\207/Pasted image 20241209154733.png" => "reading/ob\347\254\224\350\256\260\345\255\246\344\271\240/\350\256\260\345\275\225/\345\233\276\347\211\207/Pasted image 20241209154733.png" (100%)
 rename "ob\347\254\224\350\256\260\345\255\246\344\271\240/\350\256\260\345\275\225/\345\233\276\347\211\207/Pasted image 20241210160726.png" => "reading/ob\347\254\224\350\256\260\345\255\246\344\271\240/\350\256\260\345\275\225/\345\233\276\347\211\207/Pasted image 20241210160726.png" (100%)
 rename "ob\347\254\224\350\256\260\345\255\246\344\271\240/\350\256\260\345\275\225/\345\233\276\347\211\207/Pasted image 20250329221356.png" => "reading/ob\347\254\224\350\256\260\345\255\246\344\271\240/\350\256\260\345\275\225/\345\233\276\347\211\207/Pasted image 20250329221356.png" (100%)
 rename "ob\347\254\224\350\256\260\345\255\246\344\271\240/\350\256\260\345\275\225/\345\233\276\347\211\207/Pasted image 20250331150712 1.png" => "reading/ob\347\254\224\350\256\260\345\255\246\344\271\240/\350\256\260\345\275\225/\345\233\276\347\211\207/Pasted image 20250331150712 1.png" (100%)
 rename "ob\347\254\224\350\256\260\345\255\246\344\271\240/\350\256\260\345\275\225/\345\233\276\347\211\207/Pasted image 20250331150712.png" => "reading/ob\347\254\224\350\256\260\345\255\246\344\271\240/\350\256\260\345\275\225/\345\233\276\347\211\207/Pasted image 20250331150712.png" (100%)
 rename "ob\347\254\224\350\256\260\345\255\246\344\271\240/\350\256\260\345\275\225/\345\233\276\347\211\207/Pasted image 20250331150733.png" => "reading/ob\347\254\224\350\256\260\345\255\246\344\271\240/\350\256\260\345\275\225/\345\233\276\347\211\207/Pasted image 20250331150733.png" (100%)
 rename "ob\347\254\224\350\256\260\345\255\246\344\271\240/\350\256\260\345\275\225/\345\233\276\347\211\207/Pasted image 20250331150809.png" => "reading/ob\347\254\224\350\256\260\345\255\246\344\271\240/\350\256\260\345\275\225/\345\233\276\347\211\207/Pasted image 20250331150809.png" (100%)
 rename "ob\347\254\224\350\256\260\345\255\246\344\271\240/\350\256\260\345\275\225/\345\233\276\347\211\207/Pasted image 20250331150910.png" => "reading/ob\347\254\224\350\256\260\345\255\246\344\271\240/\350\256\260\345\275\225/\345\233\276\347\211\207/Pasted image 20250331150910.png" (100%)
 rename "ob\347\254\224\350\256\260\345\255\246\344\271\240/\350\256\260\345\275\225/\345\233\276\347\211\207/Pasted image 20250331150918.png" => "reading/ob\347\254\224\350\256\260\345\255\246\344\271\240/\350\256\260\345\275\225/\345\233\276\347\211\207/Pasted image 20250331150918.png" (100%)
 rename "ob\347\254\224\350\256\260\345\255\246\344\271\240/\350\256\260\345\275\225/\345\233\276\347\211\207/Pasted image 20250412195638.png" => "reading/ob\347\254\224\350\256\260\345\255\246\344\271\240/\350\256\260\345\275\225/\345\233\276\347\211\207/Pasted image 20250412195638.png" (100%)
 rename "ob\347\254\224\350\256\260\345\255\246\344\271\240/\350\256\260\345\275\225/\345\233\276\347\211\207/Pasted image 20250429165425.png" => "reading/ob\347\254\224\350\256\260\345\255\246\344\271\240/\350\256\260\345\275\225/\345\233\276\347\211\207/Pasted image 20250429165425.png" (100%)
 rename "ob\347\254\224\350\256\260\345\255\246\344\271\240/\350\256\260\345\275\225/\345\233\276\347\211\207/centos7_0210filepermission_2.gif" => "reading/ob\347\254\224\350\256\260\345\255\246\344\271\240/\350\256\260\345\275\225/\345\233\276\347\211\207/centos7_0210filepermission_2.gif" (100%)
 rename "ob\347\254\224\350\256\260\345\255\246\344\271\240/\350\256\260\345\275\225/\345\233\276\347\211\207/git.md" => "reading/ob\347\254\224\350\256\260\345\255\246\344\271\240/\350\256\260\345\275\225/\345\233\276\347\211\207/git.md" (100%)
 rename "ob\347\254\224\350\256\260\345\255\246\344\271\240/\350\256\260\345\275\225/\345\233\276\347\211\207/linux-1746268997289.webp" => "reading/ob\347\254\224\350\256\260\345\255\246\344\271\240/\350\256\260\345\275\225/\345\233\276\347\211\207/linux-1746268997289.webp" (100%)
 rename "ob\347\254\224\350\256\260\345\255\246\344\271\240/\350\256\260\345\275\225/\345\233\276\347\211\207/linux-1746335169992.webp" => "reading/ob\347\254\224\350\256\260\345\255\246\344\271\240/\350\256\260\345\275\225/\345\233\276\347\211\207/linux-1746335169992.webp" (100%)
 rename "ob\347\254\224\350\256\260\345\255\246\344\271\240/\350\256\260\345\275\225/\345\233\276\347\211\207/\347\246\273\346\225\243-1746950496397.webp" => "reading/ob\347\254\224\350\256\260\345\255\246\344\271\240/\350\256\260\345\275\225/\345\233\276\347\211\207/\347\246\273\346\225\243-1746950496397.webp" (100%)
 rename "ob\347\254\224\350\256\260\345\255\246\344\271\240/\350\256\260\345\275\225/\345\233\276\347\211\207/\347\246\273\346\225\243-1747136963460.webp" => "reading/ob\347\254\224\350\256\260\345\255\246\344\271\240/\350\256\260\345\275\225/\345\233\276\347\211\207/\347\246\273\346\225\243-1747136963460.webp" (100%)
 rename "ob\347\254\224\350\256\260\345\255\246\344\271\240/\350\256\260\345\275\225/\345\233\276\347\211\207/\347\246\273\346\225\243-1747137133510.webp" => "reading/ob\347\254\224\350\256\260\345\255\246\344\271\240/\350\256\260\345\275\225/\345\233\276\347\211\207/\347\246\273\346\225\243-1747137133510.webp" (100%)
 rename "ob\347\254\224\350\256\260\345\255\246\344\271\240/\350\256\260\345\275\225/\345\233\276\347\211\207/\347\246\273\346\225\243-1747137677964.webp" => "reading/ob\347\254\224\350\256\260\345\255\246\344\271\240/\350\256\260\345\275\225/\345\233\276\347\211\207/\347\246\273\346\225\243-1747137677964.webp" (100%)
 rename "ob\347\254\224\350\256\260\345\255\246\344\271\240/\350\256\260\345\275\225/\345\233\276\347\211\207/\347\246\273\346\225\243-1747137908430.webp" => "reading/ob\347\254\224\350\256\260\345\255\246\344\271\240/\350\256\260\345\275\225/\345\233\276\347\211\207/\347\246\273\346\225\243-1747137908430.webp" (100%)
 rename "ob\347\254\224\350\256\260\345\255\246\344\271\240/\350\256\260\345\275\225/\345\233\276\347\211\207/\347\246\273\346\225\243-1747138025328.webp" => "reading/ob\347\254\224\350\256\260\345\255\246\344\271\240/\350\256\260\345\275\225/\345\233\276\347\211\207/\347\246\273\346\225\243-1747138025328.webp" (100%)
 rename "ob\347\254\224\350\256\260\345\255\246\344\271\240/\350\256\260\345\275\225/\345\233\276\347\211\207/\347\246\273\346\225\243-1747138387403.webp" => "reading/ob\347\254\224\350\256\260\345\255\246\344\271\240/\350\256\260\345\275\225/\345\233\276\347\211\207/\347\246\273\346\225\243-1747138387403.webp" (100%)
 rename "ob\347\254\224\350\256\260\345\255\246\344\271\240/\350\256\260\345\275\225/\345\233\276\347\211\207/\347\246\273\346\225\243-1747138576569.webp" => "reading/ob\347\254\224\350\256\260\345\255\246\344\271\240/\350\256\260\345\275\225/\345\233\276\347\211\207/\347\246\273\346\225\243-1747138576569.webp" (100%)
 rename "ob\347\254\224\350\256\260\345\255\246\344\271\240/\350\256\260\345\275\225/\345\233\276\347\211\207/\347\246\273\346\225\243-1747138848428.webp" => "reading/ob\347\254\224\350\256\260\345\255\246\344\271\240/\350\256\260\345\275\225/\345\233\276\347\211\207/\347\246\273\346\225\243-1747138848428.webp" (100%)
 rename "ob\347\254\224\350\256\260\345\255\246\344\271\240/\350\256\260\345\275\225/\345\233\276\347\211\207/\347\246\273\346\225\243-1747139078296.webp" => "reading/ob\347\254\224\350\256\260\345\255\246\344\271\240/\350\256\260\345\275\225/\345\233\276\347\211\207/\347\246\273\346\225\243-1747139078296.webp" (100%)
 rename "ob\347\254\224\350\256\260\345\255\246\344\271\240/\350\256\260\345\275\225/\345\233\276\347\211\207/\347\246\273\346\225\243-1747139408221.webp" => "reading/ob\347\254\224\350\256\260\345\255\246\344\271\240/\350\256\260\345\275\225/\345\233\276\347\211\207/\347\246\273\346\225\243-1747139408221.webp" (100%)
 rename "ob\347\254\224\350\256\260\345\255\246\344\271\240/\350\256\260\345\275\225/\345\233\276\347\211\207/\347\246\273\346\225\243-1747141513831.webp" => "reading/ob\347\254\224\350\256\260\345\255\246\344\271\240/\350\256\260\345\275\225/\345\233\276\347\211\207/\347\246\273\346\225\243-1747141513831.webp" (100%)
 rename "ob\347\254\224\350\256\260\345\255\246\344\271\240/\350\256\260\345\275\225/\345\233\276\347\211\207/\347\246\273\346\225\243-1747142463691.webp" => "reading/ob\347\254\224\350\256\260\345\255\246\344\271\240/\350\256\260\345\275\225/\345\233\276\347\211\207/\347\246\273\346\225\243-1747142463691.webp" (100%)
 rename "ob\347\254\224\350\256\260\345\255\246\344\271\240/\350\256\260\345\275\225/\345\233\276\347\211\207/\347\246\273\346\225\243-1747142787139.webp" => "reading/ob\347\254\224\350\256\260\345\255\246\344\271\240/\350\256\260\345\275\225/\345\233\276\347\211\207/\347\246\273\346\225\243-1747142787139.webp" (100%)
 rename "ob\347\254\224\350\256\260\345\255\246\344\271\240/\350\256\260\345\275\225/\345\233\276\347\211\207/\347\246\273\346\225\243-1747142862784.webp" => "reading/ob\347\254\224\350\256\260\345\255\246\344\271\240/\350\256\260\345\275\225/\345\233\276\347\211\207/\347\246\273\346\225\243-1747142862784.webp" (100%)
 rename "ob\347\254\224\350\256\260\345\255\246\344\271\240/\350\256\260\345\275\225/\345\233\276\347\211\207/\347\246\273\346\225\243-1747142936859.webp" => "reading/ob\347\254\224\350\256\260\345\255\246\344\271\240/\350\256\260\345\275\225/\345\233\276\347\211\207/\347\246\273\346\225\243-1747142936859.webp" (100%)
 rename "ob\347\254\224\350\256\260\345\255\246\344\271\240/\350\256\260\345\275\225/\345\233\276\347\211\207/\347\246\273\346\225\243-1747142963854.webp" => "reading/ob\347\254\224\350\256\260\345\255\246\344\271\240/\350\256\260\345\275\225/\345\233\276\347\211\207/\347\246\273\346\225\243-1747142963854.webp" (100%)
 rename "ob\347\254\224\350\256\260\345\255\246\344\271\240/\350\256\260\345\275\225/\345\233\276\347\211\207/\347\246\273\346\225\243-1747143121441.webp" => "reading/ob\347\254\224\350\256\260\345\255\246\344\271\240/\350\256\260\345\275\225/\345\233\276\347\211\207/\347\246\273\346\225\243-1747143121441.webp" (100%)
 rename "ob\347\254\224\350\256\260\345\255\246\344\271\240/\350\256\260\345\275\225/\345\233\276\347\211\207/\347\246\273\346\225\243-1747143513050.webp" => "reading/ob\347\254\224\350\256\260\345\255\246\344\271\240/\350\256\260\345\275\225/\345\233\276\347\211\207/\347\246\273\346\225\243-1747143513050.webp" (100%)
 rename "ob\347\254\224\350\256\260\345\255\246\344\271\240/\350\256\260\345\275\225/\345\233\276\347\211\207/\347\246\273\346\225\243-1747143564497.webp" => "reading/ob\347\254\224\350\256\260\345\255\246\344\271\240/\350\256\260\345\275\225/\345\233\276\347\211\207/\347\246\273\346\225\243-1747143564497.webp" (100%)
 rename "ob\347\254\224\350\256\260\345\255\246\344\271\240/\350\256\260\345\275\225/\345\233\276\347\211\207/\347\246\273\346\225\243-1747207260773.webp" => "reading/ob\347\254\224\350\256\260\345\255\246\344\271\240/\350\256\260\345\275\225/\345\233\276\347\211\207/\347\246\273\346\225\243-1747207260773.webp" (100%)
 rename "ob\347\254\224\350\256\260\345\255\246\344\271\240/\350\256\260\345\275\225/\345\233\276\347\211\207/\347\246\273\346\225\243-1747207375765.webp" => "reading/ob\347\254\224\350\256\260\345\255\246\344\271\240/\350\256\260\345\275\225/\345\233\276\347\211\207/\347\246\273\346\225\243-1747207375765.webp" (100%)
 rename "ob\347\254\224\350\256\260\345\255\246\344\271\240/\350\256\260\345\275\225/\345\233\276\347\211\207/\347\246\273\346\225\243-1747297449203.webp" => "reading/ob\347\254\224\350\256\260\345\255\246\344\271\240/\350\256\260\345\275\225/\345\233\276\347\211\207/\347\246\273\346\225\243-1747297449203.webp" (100%)
 rename "ob\347\254\224\350\256\260\345\255\246\344\271\240/\350\256\260\345\275\225/\345\233\276\347\211\207/\347\246\273\346\225\243-1747297928044.webp" => "reading/ob\347\254\224\350\256\260\345\255\246\344\271\240/\350\256\260\345\275\225/\345\233\276\347\211\207/\347\246\273\346\225\243-1747297928044.webp" (100%)
 rename "ob\347\254\224\350\256\260\345\255\246\344\271\240/\350\256\260\345\275\225/\345\233\276\347\211\207/\347\246\273\346\225\243-1747298606143.webp" => "reading/ob\347\254\224\350\256\260\345\255\246\344\271\240/\350\256\260\345\275\225/\345\233\276\347\211\207/\347\246\273\346\225\243-1747298606143.webp" (100%)
 rename "ob\347\254\224\350\256\260\345\255\246\344\271\240/\350\256\260\345\275\225/\345\233\276\347\211\207/\347\246\273\346\225\243-1747298947960.webp" => "reading/ob\347\254\224\350\256\260\345\255\246\344\271\240/\350\256\260\345\275\225/\345\233\276\347\211\207/\347\246\273\346\225\243-1747298947960.webp" (100%)
 rename "ob\347\254\224\350\256\260\345\255\246\344\271\240/\350\256\260\345\275\225/\345\233\276\347\211\207/\347\246\273\346\225\243-1747298991908.webp" => "reading/ob\347\254\224\350\256\260\345\255\246\344\271\240/\350\256\260\345\275\225/\345\233\276\347\211\207/\347\246\273\346\225\243-1747298991908.webp" (100%)
 rename "ob\347\254\224\350\256\260\345\255\246\344\271\240/\350\256\260\345\275\225/\345\233\276\347\211\207/\347\246\273\346\225\243-1747301177029.webp" => "reading/ob\347\254\224\350\256\260\345\255\246\344\271\240/\350\256\260\345\275\225/\345\233\276\347\211\207/\347\246\273\346\225\243-1747301177029.webp" (100%)
 rename "ob\347\254\224\350\256\260\345\255\246\344\271\240/\350\256\260\345\275\225/\345\233\276\347\211\207/\347\246\273\346\225\243-1747301366133.webp" => "reading/ob\347\254\224\350\256\260\345\255\246\344\271\240/\350\256\260\345\275\225/\345\233\276\347\211\207/\347\246\273\346\225\243-1747301366133.webp" (100%)
 rename "ob\347\254\224\350\256\260\345\255\246\344\271\240/\350\256\260\345\275\225/\345\233\276\347\211\207/\347\246\273\346\225\243-1747301481331.webp" => "reading/ob\347\254\224\350\256\260\345\255\246\344\271\240/\350\256\260\345\275\225/\345\233\276\347\211\207/\347\246\273\346\225\243-1747301481331.webp" (100%)
 rename "ob\347\254\224\350\256\260\345\255\246\344\271\240/\350\256\260\345\275\225/\345\233\276\347\211\207/\347\246\273\346\225\243-1747301808905.webp" => "reading/ob\347\254\224\350\256\260\345\255\246\344\271\240/\350\256\260\345\275\225/\345\233\276\347\211\207/\347\246\273\346\225\243-1747301808905.webp" (100%)
 rename "ob\347\254\224\350\256\260\345\255\246\344\271\240/\350\256\260\345\275\225/\345\233\276\347\211\207/\347\246\273\346\225\243-1747302206101.webp" => "reading/ob\347\254\224\350\256\260\345\255\246\344\271\240/\350\256\260\345\275\225/\345\233\276\347\211\207/\347\246\273\346\225\243-1747302206101.webp" (100%)
 rename "ob\347\254\224\350\256\260\345\255\246\344\271\240/\350\256\260\345\275\225/\345\233\276\347\211\207/\347\246\273\346\225\243-1747302671154.webp" => "reading/ob\347\254\224\350\256\260\345\255\246\344\271\240/\350\256\260\345\275\225/\345\233\276\347\211\207/\347\246\273\346\225\243-1747302671154.webp" (100%)
 rename "ob\347\254\224\350\256\260\345\255\246\344\271\240/\350\256\260\345\275\225/\345\233\276\347\211\207/\347\246\273\346\225\243-1747302912834.webp" => "reading/ob\347\254\224\350\256\260\345\255\246\344\271\240/\350\256\260\345\275\225/\345\233\276\347\211\207/\347\246\273\346\225\243-1747302912834.webp" (100%)
 rename "ob\347\254\224\350\256\260\345\255\246\344\271\240/\350\256\260\345\275\225/\345\233\276\347\211\207/\347\246\273\346\225\243-1747303265597.webp" => "reading/ob\347\254\224\350\256\260\345\255\246\344\271\240/\350\256\260\345\275\225/\345\233\276\347\211\207/\347\246\273\346\225\243-1747303265597.webp" (100%)
 rename "ob\347\254\224\350\256\260\345\255\246\344\271\240/\350\256\260\345\275\225/\345\233\276\347\211\207/\347\246\273\346\225\243-1747309969896.webp" => "reading/ob\347\254\224\350\256\260\345\255\246\344\271\240/\350\256\260\345\275\225/\345\233\276\347\211\207/\347\246\273\346\225\243-1747309969896.webp" (100%)
 rename "ob\347\254\224\350\256\260\345\255\246\344\271\240/\350\256\260\345\275\225/\345\233\276\347\211\207/\347\246\273\346\225\243-1747310156276.webp" => "reading/ob\347\254\224\350\256\260\345\255\246\344\271\240/\350\256\260\345\275\225/\345\233\276\347\211\207/\347\246\273\346\225\243-1747310156276.webp" (100%)
 rename "ob\347\254\224\350\256\260\345\255\246\344\271\240/\350\256\260\345\275\225/\345\233\276\347\211\207/\347\246\273\346\225\243-1747451429082.webp" => "reading/ob\347\254\224\350\256\260\345\255\246\344\271\240/\350\256\260\345\275\225/\345\233\276\347\211\207/\347\246\273\346\225\243-1747451429082.webp" (100%)
 rename "ob\347\254\224\350\256\260\345\255\246\344\271\240/\350\256\260\345\275\225/\345\233\276\347\211\207/\351\253\230\346\225\260\345\244\215\344\271\240-1746181098304.webp" => "reading/ob\347\254\224\350\256\260\345\255\246\344\271\240/\350\256\260\345\275\225/\345\233\276\347\211\207/\351\253\230\346\225\260\345\244\215\344\271\240-1746181098304.webp" (100%)
 rename "ob\347\254\224\350\256\260\345\255\246\344\271\240/\350\256\260\345\275\225/\345\233\276\347\211\207/\351\253\230\346\225\260\345\244\215\344\271\240-1746181108013.webp" => "reading/ob\347\254\224\350\256\260\345\255\246\344\271\240/\350\256\260\345\275\225/\345\233\276\347\211\207/\351\253\230\346\225\260\345\244\215\344\271\240-1746181108013.webp" (100%)
 rename "ob\347\254\224\350\256\260\345\255\246\344\271\240/\350\256\260\345\275\225/\345\233\276\347\211\207/\351\253\230\346\225\260\345\244\215\344\271\240-1746181179516.webp" => "reading/ob\347\254\224\350\256\260\345\255\246\344\271\240/\350\256\260\345\275\225/\345\233\276\347\211\207/\351\253\230\346\225\260\345\244\215\344\271\240-1746181179516.webp" (100%)
 rename "ob\347\254\224\350\256\260\345\255\246\344\271\240/\350\256\260\345\275\225/\345\233\276\347\211\207/\351\253\230\346\225\260\345\244\215\344\271\240-1746182405508.webp" => "reading/ob\347\254\224\350\256\260\345\255\246\344\271\240/\350\256\260\345\275\225/\345\233\276\347\211\207/\351\253\230\346\225\260\345\244\215\344\271\240-1746182405508.webp" (100%)
 rename "ob\347\254\224\350\256\260\345\255\246\344\271\240/\350\256\260\345\275\225/\345\233\276\347\211\207/\351\253\230\346\225\260\345\244\215\344\271\240-1746182879799.webp" => "reading/ob\347\254\224\350\256\260\345\255\246\344\271\240/\350\256\260\345\275\225/\345\233\276\347\211\207/\351\253\230\346\225\260\345\244\215\344\271\240-1746182879799.webp" (100%)
 rename "ob\347\254\224\350\256\260\345\255\246\344\271\240/\350\256\260\345\275\225/\345\233\276\347\211\207/\351\253\230\346\225\260\345\244\215\344\271\240-1746188738405.webp" => "reading/ob\347\254\224\350\256\260\345\255\246\344\271\240/\350\256\260\345\275\225/\345\233\276\347\211\207/\351\253\230\346\225\260\345\244\215\344\271\240-1746188738405.webp" (100%)
 rename "ob\347\254\224\350\256\260\345\255\246\344\271\240/\350\256\260\345\275\225/\345\233\276\347\211\207/\351\253\230\346\225\260\345\244\215\344\271\240-1746193735175.webp" => "reading/ob\347\254\224\350\256\260\345\255\246\344\271\240/\350\256\260\345\275\225/\345\233\276\347\211\207/\351\253\230\346\225\260\345\244\215\344\271\240-1746193735175.webp" (100%)
 rename "ob\347\254\224\350\256\260\345\255\246\344\271\240/\350\256\260\345\275\225/\345\233\276\347\211\207/\351\253\230\346\225\260\345\244\215\344\271\240-1746194147603.webp" => "reading/ob\347\254\224\350\256\260\345\255\246\344\271\240/\350\256\260\345\275\225/\345\233\276\347\211\207/\351\253\230\346\225\260\345\244\215\344\271\240-1746194147603.webp" (100%)
 rename "ob\347\254\224\350\256\260\345\255\246\344\271\240/\350\256\260\345\275\225/\345\233\276\347\211\207/\351\253\230\346\225\260\345\244\215\344\271\240-1746195659038.webp" => "reading/ob\347\254\224\350\256\260\345\255\246\344\271\240/\350\256\260\345\275\225/\345\233\276\347\211\207/\351\253\230\346\225\260\345\244\215\344\271\240-1746195659038.webp" (100%)
 rename "ob\347\254\224\350\256\260\345\255\246\344\271\240/\350\256\260\345\275\225/\345\233\276\347\211\207/\351\253\230\346\225\260\345\244\215\344\271\240-1746195687775.webp" => "reading/ob\347\254\224\350\256\260\345\255\246\344\271\240/\350\256\260\345\275\225/\345\233\276\347\211\207/\351\253\230\346\225\260\345\244\215\344\271\240-1746195687775.webp" (100%)
 rename "ob\347\254\224\350\256\260\345\255\246\344\271\240/\350\256\260\345\275\225/\345\233\276\347\211\207/\351\253\230\346\225\260\345\244\215\344\271\240-1746276415217.webp" => "reading/ob\347\254\224\350\256\260\345\255\246\344\271\240/\350\256\260\345\275\225/\345\233\276\347\211\207/\351\253\230\346\225\260\345\244\215\344\271\240-1746276415217.webp" (100%)
 rename "ob\347\254\224\350\256\260\345\255\246\344\271\240/\350\256\260\345\275\225/\345\233\276\347\211\207/\351\253\230\346\225\260\345\244\215\344\271\240-1746276628598 1.webp" => "reading/ob\347\254\224\350\256\260\345\255\246\344\271\240/\350\256\260\345\275\225/\345\233\276\347\211\207/\351\253\230\346\225\260\345\244\215\344\271\240-1746276628598 1.webp" (100%)
 rename "ob\347\254\224\350\256\260\345\255\246\344\271\240/\350\256\260\345\275\225/\345\233\276\347\211\207/\351\253\230\346\225\260\345\244\215\344\271\240-1746276628598.webp" => "reading/ob\347\254\224\350\256\260\345\255\246\344\271\240/\350\256\260\345\275\225/\345\233\276\347\211\207/\351\253\230\346\225\260\345\244\215\344\271\240-1746276628598.webp" (100%)
 rename "ob\347\254\224\350\256\260\345\255\246\344\271\240/\350\256\260\345\275\225/\345\233\276\347\211\207/\351\253\230\346\225\260\345\244\215\344\271\240-1746277491618.webp" => "reading/ob\347\254\224\350\256\260\345\255\246\344\271\240/\350\256\260\345\275\225/\345\233\276\347\211\207/\351\253\230\346\225\260\345\244\215\344\271\240-1746277491618.webp" (100%)
 rename "ob\347\254\224\350\256\260\345\255\246\344\271\240/\350\256\260\345\275\225/\345\233\276\347\211\207/\351\253\230\346\225\260\345\244\215\344\271\240-1746277727924.webp" => "reading/ob\347\254\224\350\256\260\345\255\246\344\271\240/\350\256\260\345\275\225/\345\233\276\347\211\207/\351\253\230\346\225\260\345\244\215\344\271\240-1746277727924.webp" (100%)
 rename "ob\347\254\224\350\256\260\345\255\246\344\271\240/\350\256\260\345\275\225/\345\233\276\347\211\207/\351\253\230\346\225\260\345\244\215\344\271\240-1746279549538.webp" => "reading/ob\347\254\224\350\256\260\345\255\246\344\271\240/\350\256\260\345\275\225/\345\233\276\347\211\207/\351\253\230\346\225\260\345\244\215\344\271\240-1746279549538.webp" (100%)
 rename "ob\347\254\224\350\256\260\345\255\246\344\271\240/\350\256\260\345\275\225/\345\233\276\347\211\207/\351\253\230\346\225\260\345\244\215\344\271\240-1746342581776.webp" => "reading/ob\347\254\224\350\256\260\345\255\246\344\271\240/\350\256\260\345\275\225/\345\233\276\347\211\207/\351\253\230\346\225\260\345\244\215\344\271\240-1746342581776.webp" (100%)
 rename "ob\347\254\224\350\256\260\345\255\246\344\271\240/\350\256\260\345\275\225/\345\233\276\347\211\207/\351\253\230\346\225\260\345\244\215\344\271\240-1746342698721.webp" => "reading/ob\347\254\224\350\256\260\345\255\246\344\271\240/\350\256\260\345\275\225/\345\233\276\347\211\207/\351\253\230\346\225\260\345\244\215\344\271\240-1746342698721.webp" (100%)
 rename "ob\347\254\224\350\256\260\345\255\246\344\271\240/\350\256\260\345\275\225/\345\233\276\347\211\207/\351\253\230\346\225\260\345\244\215\344\271\240-1746342851890.webp" => "reading/ob\347\254\224\350\256\260\345\255\246\344\271\240/\350\256\260\345\275\225/\345\233\276\347\211\207/\351\253\230\346\225\260\345\244\215\344\271\240-1746342851890.webp" (100%)
 rename "ob\347\254\224\350\256\260\345\255\246\344\271\240/\350\256\260\345\275\225/\345\233\276\347\211\207/\351\253\230\346\225\260\345\244\215\344\271\240-1746358245703.webp" => "reading/ob\347\254\224\350\256\260\345\255\246\344\271\240/\350\256\260\345\275\225/\345\233\276\347\211\207/\351\253\230\346\225\260\345\244\215\344\271\240-1746358245703.webp" (100%)
 rename "ob\347\254\224\350\256\260\345\255\246\344\271\240/\350\256\260\345\275\225/\345\233\276\347\211\207/\351\253\230\346\225\260\345\244\215\344\271\240-1746358431064.webp" => "reading/ob\347\254\224\350\256\260\345\255\246\344\271\240/\350\256\260\345\275\225/\345\233\276\347\211\207/\351\253\230\346\225\260\345\244\215\344\271\240-1746358431064.webp" (100%)
 rename "ob\347\254\224\350\256\260\345\255\246\344\271\240/\350\256\260\345\275\225/\345\233\276\347\211\207/\351\253\230\346\225\260\345\244\215\344\271\240-1746359071640.webp" => "reading/ob\347\254\224\350\256\260\345\255\246\344\271\240/\350\256\260\345\275\225/\345\233\276\347\211\207/\351\253\230\346\225\260\345\244\215\344\271\240-1746359071640.webp" (100%)
 rename "ob\347\254\224\350\256\260\345\255\246\344\271\240/\350\256\260\345\275\225/\345\233\276\347\211\207/\351\253\230\346\225\260\345\244\215\344\271\240-1746364289858.webp" => "reading/ob\347\254\224\350\256\260\345\255\246\344\271\240/\350\256\260\345\275\225/\345\233\276\347\211\207/\351\253\230\346\225\260\345\244\215\344\271\240-1746364289858.webp" (100%)
 rename "ob\347\254\224\350\256\260\345\255\246\344\271\240/\350\256\260\345\275\225/\345\233\276\347\211\207/\351\253\230\346\225\260\345\244\215\344\271\240-1746364704321.webp" => "reading/ob\347\254\224\350\256\260\345\255\246\344\271\240/\350\256\260\345\275\225/\345\233\276\347\211\207/\351\253\230\346\225\260\345\244\215\344\271\240-1746364704321.webp" (100%)
 rename "ob\347\254\224\350\256\260\345\255\246\344\271\240/\350\256\260\345\275\225/\345\233\276\347\211\207/\351\253\230\346\225\260\345\244\215\344\271\240-1746368743308.webp" => "reading/ob\347\254\224\350\256\260\345\255\246\344\271\240/\350\256\260\345\275\225/\345\233\276\347\211\207/\351\253\230\346\225\260\345\244\215\344\271\240-1746368743308.webp" (100%)
 rename "ob\347\254\224\350\256\260\345\255\246\344\271\240/\350\256\260\345\275\225/\345\233\276\347\211\207/\351\253\230\346\225\260\345\244\215\344\271\240-1746368817775.webp" => "reading/ob\347\254\224\350\256\260\345\255\246\344\271\240/\350\256\260\345\275\225/\345\233\276\347\211\207/\351\253\230\346\225\260\345\244\215\344\271\240-1746368817775.webp" (100%)
 rename "ob\347\254\224\350\256\260\345\255\246\344\271\240/\350\256\260\345\275\225/\345\233\276\347\211\207/\351\253\230\346\225\260\345\244\215\344\271\240-1746492350497.webp" => "reading/ob\347\254\224\350\256\260\345\255\246\344\271\240/\350\256\260\345\275\225/\345\233\276\347\211\207/\351\253\230\346\225\260\345\244\215\344\271\240-1746492350497.webp" (100%)
 rename "ob\347\254\224\350\256\260\345\255\246\344\271\240/\350\256\260\345\275\225/\345\233\276\347\211\207/\351\253\230\346\225\260\345\244\215\344\271\240-1746493057811.webp" => "reading/ob\347\254\224\350\256\260\345\255\246\344\271\240/\350\256\260\345\275\225/\345\233\276\347\211\207/\351\253\230\346\225\260\345\244\215\344\271\240-1746493057811.webp" (100%)
 rename "ob\347\254\224\350\256\260\345\255\246\344\271\240/\350\256\260\345\275\225/\345\233\276\347\211\207/\351\253\230\346\225\260\345\244\215\344\271\240-1746493707218.webp" => "reading/ob\347\254\224\350\256\260\345\255\246\344\271\240/\350\256\260\345\275\225/\345\233\276\347\211\207/\351\253\230\346\225\260\345\244\215\344\271\240-1746493707218.webp" (100%)
 rename "ob\347\254\224\350\256\260\345\255\246\344\271\240/\350\256\260\345\275\225/\345\233\276\347\211\207/\351\253\230\346\225\260\345\244\215\344\271\240-1746493719132.webp" => "reading/ob\347\254\224\350\256\260\345\255\246\344\271\240/\350\256\260\345\275\225/\345\233\276\347\211\207/\351\253\230\346\225\260\345\244\215\344\271\240-1746493719132.webp" (100%)
 rename "ob\347\254\224\350\256\260\345\255\246\344\271\240/\350\256\260\345\275\225/\345\233\276\347\211\207/\351\253\230\346\225\260\345\244\215\344\271\240-1746527835979.webp" => "reading/ob\347\254\224\350\256\260\345\255\246\344\271\240/\350\256\260\345\275\225/\345\233\276\347\211\207/\351\253\230\346\225\260\345\244\215\344\271\240-1746527835979.webp" (100%)
 rename "ob\347\254\224\350\256\260\345\255\246\344\271\240/\350\256\260\345\275\225/\345\233\276\347\211\207/\351\253\230\346\225\260\345\244\215\344\271\240-1746528197669.webp" => "reading/ob\347\254\224\350\256\260\345\255\246\344\271\240/\350\256\260\345\275\225/\345\233\276\347\211\207/\351\253\230\346\225\260\345\244\215\344\271\240-1746528197669.webp" (100%)
 rename "ob\347\254\224\350\256\260\345\255\246\344\271\240/\350\256\260\345\275\225/\345\233\276\347\211\207/\351\253\230\346\225\260\345\244\215\344\271\240-1746530849656.webp" => "reading/ob\347\254\224\350\256\260\345\255\246\344\271\240/\350\256\260\345\275\225/\345\233\276\347\211\207/\351\253\230\346\225\260\345\244\215\344\271\240-1746530849656.webp" (100%)
 rename "ob\347\254\224\350\256\260\345\255\246\344\271\240/\350\256\260\345\275\225/\345\233\276\347\211\207/\351\253\230\346\225\260\345\244\215\344\271\240-1746532562949.webp" => "reading/ob\347\254\224\350\256\260\345\255\246\344\271\240/\350\256\260\345\275\225/\345\233\276\347\211\207/\351\253\230\346\225\260\345\244\215\344\271\240-1746532562949.webp" (100%)
 rename "ob\347\254\224\350\256\260\345\255\246\344\271\240/\350\256\260\345\275\225/\345\233\276\347\211\207/\351\253\230\346\225\260\345\244\215\344\271\240-1746532577607.webp" => "reading/ob\347\254\224\350\256\260\345\255\246\344\271\240/\350\256\260\345\275\225/\345\233\276\347\211\207/\351\253\230\346\225\260\345\244\215\344\271\240-1746532577607.webp" (100%)
 rename "ob\347\254\224\350\256\260\345\255\246\344\271\240/\350\256\260\345\275\225/\345\233\276\347\211\207/\351\253\230\346\225\260\345\244\215\344\271\240-1746533191630.webp" => "reading/ob\347\254\224\350\256\260\345\255\246\344\271\240/\350\256\260\345\275\225/\345\233\276\347\211\207/\351\253\230\346\225\260\345\244\215\344\271\240-1746533191630.webp" (100%)
 rename "ob\347\254\224\350\256\260\345\255\246\344\271\240/\350\256\260\345\275\225/\345\233\276\347\211\207/\351\253\230\346\225\260\345\244\215\344\271\240-1746534543059.webp" => "reading/ob\347\254\224\350\256\260\345\255\246\344\271\240/\350\256\260\345\275\225/\345\233\276\347\211\207/\351\253\230\346\225\260\345\244\215\344\271\240-1746534543059.webp" (100%)
 rename "ob\347\254\224\350\256\260\345\255\246\344\271\240/\350\256\260\345\275\225/\345\233\276\347\211\207/\351\253\230\346\225\260\345\244\215\344\271\240-1746685735651.webp" => "reading/ob\347\254\224\350\256\260\345\255\246\344\271\240/\350\256\260\345\275\225/\345\233\276\347\211\207/\351\253\230\346\225\260\345\244\215\344\271\240-1746685735651.webp" (100%)
 rename "ob\347\254\224\350\256\260\345\255\246\344\271\240/\350\256\260\345\275\225/\345\233\276\347\211\207/\351\253\230\346\225\260\345\244\215\344\271\240-1746686263335.webp" => "reading/ob\347\254\224\350\256\260\345\255\246\344\271\240/\350\256\260\345\275\225/\345\233\276\347\211\207/\351\253\230\346\225\260\345\244\215\344\271\240-1746686263335.webp" (100%)
 rename "ob\347\254\224\350\256\260\345\255\246\344\271\240/\350\256\260\345\275\225/\345\233\276\347\211\207/\351\253\230\346\225\260\345\244\215\344\271\240-1746686625588.webp" => "reading/ob\347\254\224\350\256\260\345\255\246\344\271\240/\350\256\260\345\275\225/\345\233\276\347\211\207/\351\253\230\346\225\260\345\244\215\344\271\240-1746686625588.webp" (100%)
 rename "ob\347\254\224\350\256\260\345\255\246\344\271\240/\350\256\260\345\275\225/\345\233\276\347\211\207/\351\253\230\346\225\260\345\244\215\344\271\240-1746689730545.webp" => "reading/ob\347\254\224\350\256\260\345\255\246\344\271\240/\350\256\260\345\275\225/\345\233\276\347\211\207/\351\253\230\346\225\260\345\244\215\344\271\240-1746689730545.webp" (100%)
 rename "ob\347\254\224\350\256\260\345\255\246\344\271\240/\350\257\246\347\273\206\347\232\204\344\273\213\347\273\215\345\260\261\344\270\215\350\257\264\344\272\206.md" => "reading/ob\347\254\224\350\256\260\345\255\246\344\271\240/\350\257\246\347\273\206\347\232\204\344\273\213\347\273\215\345\260\261\344\270\215\350\257\264\344\272\206.md" (100%)
 rename "temp/ACGN\350\265\204\346\272\220.md" => "recording/ACGN\350\265\204\346\272\220.md" (100%)
 rename "linux\350\275\257\344\273\266\345\256\211\350\243\205\346\227\245\345\277\227.md" => "recording/linux\350\275\257\344\273\266\345\256\211\350\243\205\346\227\245\345\277\227.md" (100%)
 rename "temp/\345\210\267\351\242\230\346\227\245\345\277\227/\345\210\267\351\242\230\346\227\245\345\277\227.md" => "recording/\345\210\267\351\242\230\346\227\245\345\277\227/\345\210\267\351\242\230\346\227\245\345\277\227.md" (93%)
 rename "temp/\345\210\267\351\242\230\346\227\245\345\277\227/\345\220\203\347\201\253\351\224\205\357\274\210dfs, \350\256\260\345\277\206\345\214\226\357\274\214\344\273\216\346\267\261\345\244\204\351\200\222\345\242\236\357\274\211.md" => "recording/\345\210\267\351\242\230\346\227\245\345\277\227/\345\220\203\347\201\253\351\224\205\357\274\210dfs, \350\256\260\345\277\206\345\214\226\357\274\214\344\273\216\346\267\261\345\244\204\351\200\222\345\242\236\357\274\211.md" (100%)
 rename "temp/\345\210\267\351\242\230\346\227\245\345\277\227/\347\237\263\345\255\220\345\220\210\345\271\266\357\274\210DP\357\274\211.md" => "recording/\345\210\267\351\242\230\346\227\245\345\277\227/\347\237\263\345\255\220\345\220\210\345\271\266\357\274\210DP\357\274\211.md" (100%)
 rename "temp/\345\210\267\351\242\230\346\227\245\345\277\227/\347\272\246\347\221\237\345\244\253\347\216\257.md" => "recording/\345\210\267\351\242\230\346\227\245\345\277\227/\347\272\246\347\221\237\345\244\253\347\216\257.md" (100%)
 rename "temp/\345\210\267\351\242\230\346\227\245\345\277\227/\351\241\272\345\272\217\346\225\260\345\255\227\344\270\262\346\237\245\350\257\242\357\274\210Increasing Number String Query\357\274\211.md" => "recording/\345\210\267\351\242\230\346\227\245\345\277\227/\351\241\272\345\272\217\346\225\260\345\255\227\344\270\262\346\237\245\350\257\242\357\274\210Increasing Number String Query\357\274\211.md" (100%)
 rename "temp/\345\220\254\345\212\233\346\227\245\345\277\227.md" => "recording/\345\220\254\345\212\233\346\227\245\345\277\227.md" (100%)
 rename "temp/\346\250\241\346\235\277\345\210\227\350\241\250.md" => "recording/\346\250\241\346\235\277\345\210\227\350\241\250.md" (100%)
 rename "\347\275\221\347\273\234\346\265\217\350\247\210\346\227\245\345\277\227.md" => "recording/\347\275\221\347\273\234\346\265\217\350\247\210\346\227\245\345\277\227.md" (100%)
 rename kquitapp5 plasmashell && kstart5 plasmashell.md => "unix \345\244\247\345\255\246\346\225\231\347\250\213/kquitapp5 plasmashell && kstart5 plasmashell.md" (100%)
 create mode 100644 "\344\273\260\346\234\233\345\215\212\346\234\210\347\232\204\345\244\234\347\251\272.md"
 rename recording/Windows apps/Windows apps.md => "\345\275\222\346\241\243/Windows apps/Windows apps.md" (100%)
 rename recording/Windows apps/mousemaster.md => "\345\275\222\346\241\243/Windows apps/mousemaster.md" (100%)
 rename "recording/Windows apps/powershell\347\276\216\345\214\226.md" => "\345\275\222\346\241\243/Windows apps/powershell\347\276\216\345\214\226.md" (100%)
 rename "recording/2025-5-1\344\272\224\344\270\200.md" => "\345\275\222\346\241\243/\351\230\266\346\256\265\346\200\247\350\256\241\345\210\222/2025-5-1\344\272\224\344\270\200.md" (100%)
 delete mode 100644 "\346\234\252\345\221\275\345\220\215 3.md"
 delete mode 100644 "\346\234\252\345\221\275\345\220\215 4.md"
To github.com:bakulman/bakulman.git
   262166d..dfe4594  main -> main
--- Sync finished at 2025年 07月 24日 星期四 10:00:06 CST ---

--- Starting sync at 2025年 07月 24日 星期四 13:41:47 CST ---
[main 110c900] sync: auto-sync at 2025年 07月 24日 星期四 13:41:47 CST
 1 file changed, 227 insertions(+)
To github.com:bakulman/bakulman.git
   dfe4594..110c900  main -> main
--- Sync finished at 2025年 07月 24日 星期四 13:42:27 CST ---

--- Starting sync at 2025年 07月 25日 星期五 10:00:00 CST ---
[main cf7bf65] sync: auto-sync at 2025年 07月 25日 星期五 10:00:01 CST
 6 files changed, 133 insertions(+), 7 deletions(-)
 create mode 100644 "bus\357\274\210\345\212\250\346\200\201\350\247\204\345\210\222\357\274\211.md"
To github.com:bakulman/bakulman.git
   110c900..cf7bf65  main -> main
--- Sync finished at 2025年 07月 25日 星期五 10:00:06 CST ---

--- Starting sync at 2025年 07月 25日 星期五 13:11:02 CST ---
[main 55c2cc5] sync: auto-sync at 2025年 07月 25日 星期五 13:11:02 CST
 1 file changed, 8 insertions(+)
To github.com:bakulman/bakulman.git
   cf7bf65..55c2cc5  main -> main
--- Sync finished at 2025年 07月 25日 星期五 13:12:17 CST ---

--- Starting sync at 2025年 07月 25日 星期五 22:00:01 CST ---
[main be23211] sync: auto-sync at 2025年 07月 25日 星期五 22:00:01 CST
 5 files changed, 328 insertions(+), 5 deletions(-)
 create mode 100644 "vim\345\257\204\345\255\230\345\231\250.md"
 create mode 100644 "\346\213\223\345\261\225\346\254\247\345\207\240\351\207\214\345\276\227\347\256\227\346\263\225.md"
To github.com:bakulman/bakulman.git
   55c2cc5..be23211  main -> main
--- Sync finished at 2025年 07月 25日 星期五 22:00:07 CST ---

--- Starting sync at 2025年 07月 26日 星期六 10:00:00 CST ---
[main 1cfc979] sync: auto-sync at 2025年 07月 26日 星期六 10:00:00 CST
 4 files changed, 19 insertions(+), 12 deletions(-)
To github.com:bakulman/bakulman.git
   be23211..1cfc979  main -> main
--- Sync finished at 2025年 07月 26日 星期六 10:00:05 CST ---

--- Starting sync at 2025年 07月 26日 星期六 12:00:00 CST ---
[main b494720] sync: auto-sync at 2025年 07月 26日 星期六 12:00:00 CST
 6 files changed, 213 insertions(+), 16 deletions(-)
 create mode 100644 "\346\234\200\345\244\247\345\255\220\346\225\260\347\273\204\345\222\214\357\274\210\345\215\241\347\231\273\347\256\227\346\263\225\357\274\211.md"
 create mode 100644 "\347\213\204\345\260\224\346\262\203\346\226\257\345\256\232\347\220\206.md"
To github.com:bakulman/bakulman.git
   1cfc979..b494720  main -> main
--- Sync finished at 2025年 07月 26日 星期六 12:00:06 CST ---

--- Starting sync at 2025年 07月 26日 星期六 22:00:00 CST ---
[main 36f1fcf] sync: auto-sync at 2025年 07月 26日 星期六 22:00:00 CST
 1 file changed, 9 insertions(+)
To github.com:bakulman/bakulman.git
   b494720..36f1fcf  main -> main
--- Sync finished at 2025年 07月 26日 星期六 22:00:04 CST ---

--- Starting sync at 2025年 07月 27日 星期日 10:00:00 CST ---
[main 28fb3bf] sync: auto-sync at 2025年 07月 27日 星期日 10:00:00 CST
 1 file changed, 7 insertions(+)
To github.com:bakulman/bakulman.git
   36f1fcf..28fb3bf  main -> main
--- Sync finished at 2025年 07月 27日 星期日 10:00:05 CST ---

--- Starting sync at 2025年 07月 27日 星期日 12:00:00 CST ---
[main 2c17c52] sync: auto-sync at 2025年 07月 27日 星期日 12:00:00 CST
 1 file changed, 7 insertions(+)
To github.com:bakulman/bakulman.git
   28fb3bf..2c17c52  main -> main
--- Sync finished at 2025年 07月 27日 星期日 12:00:05 CST ---

--- Starting sync at 2025年 07月 27日 星期日 22:50:14 CST ---
[main cf34a07] sync: auto-sync at 2025年 07月 27日 星期日 22:50:14 CST
 5 files changed, 17 insertions(+), 16 deletions(-)
To github.com:bakulman/bakulman.git
   2c17c52..cf34a07  main -> main
--- Sync finished at 2025年 07月 27日 星期日 22:50:19 CST ---

--- Starting sync at 2025年 07月 28日 星期一 10:00:00 CST ---
[main 8689382] sync: auto-sync at 2025年 07月 28日 星期一 10:00:00 CST
 1 file changed, 7 insertions(+)
To github.com:bakulman/bakulman.git
   cf34a07..8689382  main -> main
--- Sync finished at 2025年 07月 28日 星期一 10:00:05 CST ---

--- Starting sync at 2025年 07月 28日 星期一 12:05:51 CST ---
[main 548e899] sync: auto-sync at 2025年 07月 28日 星期一 12:05:51 CST
 1 file changed, 7 insertions(+)
To github.com:bakulman/bakulman.git
   8689382..548e899  main -> main
--- Sync finished at 2025年 07月 28日 星期一 12:06:11 CST ---

--- Starting sync at 2025年 07月 28日 星期一 22:00:00 CST ---
[main c3e8b4f] sync: auto-sync at 2025年 07月 28日 星期一 22:00:00 CST
 5 files changed, 119 insertions(+), 16 deletions(-)
 create mode 100644 "\346\211\221\345\205\213\346\264\227\347\211\214\357\274\210\346\234\200\351\225\277\350\277\236\347\273\255\345\255\220\345\272\217\345\210\227dp\357\274\211.md"
To github.com:bakulman/bakulman.git
   548e899..c3e8b4f  main -> main
--- Sync finished at 2025年 07月 28日 星期一 22:00:24 CST ---

--- Starting sync at 2025年 07月 29日 星期二 10:00:00 CST ---
[main 01cd5c6] sync: auto-sync at 2025年 07月 29日 星期二 10:00:00 CST
 8 files changed, 85 insertions(+), 64 deletions(-)
 rename "unix \345\244\247\345\255\246\346\225\231\347\250\213-1751961079815.webp" => "unix \345\244\247\345\255\246\346\225\231\347\250\213/unix \345\244\247\345\255\246\346\225\231\347\250\213-1751961079815.webp" (100%)
 rename "unix \345\244\247\345\255\246\346\225\231\347\250\213-1751961415957.webp" => "unix \345\244\247\345\255\246\346\225\231\347\250\213/unix \345\244\247\345\255\246\346\225\231\347\250\213-1751961415957.webp" (100%)
To github.com:bakulman/bakulman.git
   c3e8b4f..01cd5c6  main -> main
--- Sync finished at 2025年 07月 29日 星期二 10:00:06 CST ---

--- Starting sync at 2025年 07月 29日 星期二 12:00:00 CST ---
[main 315bc4b] sync: auto-sync at 2025年 07月 29日 星期二 12:00:00 CST
 1 file changed, 9 insertions(+)
To github.com:bakulman/bakulman.git
   01cd5c6..315bc4b  main -> main
--- Sync finished at 2025年 07月 29日 星期二 12:00:05 CST ---

--- Starting sync at 2025年 07月 30日 星期三 10:00:00 CST ---
[main aa41255] sync: auto-sync at 2025年 07月 30日 星期三 10:00:00 CST
 7 files changed, 96 insertions(+), 74 deletions(-)
 create mode 100644 daily/2025-07-29.md
 create mode 100644 "\346\234\253\346\227\245\344\270\211\351\227\256.md"
To github.com:bakulman/bakulman.git
   315bc4b..aa41255  main -> main
--- Sync finished at 2025年 07月 30日 星期三 10:00:05 CST ---

--- Starting sync at 2025年 07月 30日 星期三 12:00:00 CST ---
[main 7891367] sync: auto-sync at 2025年 07月 30日 星期三 12:00:00 CST
 1 file changed, 9 insertions(+)
To github.com:bakulman/bakulman.git
   aa41255..7891367  main -> main
--- Sync finished at 2025年 07月 30日 星期三 12:00:05 CST ---

--- Starting sync at 2025年 07月 30日 星期三 22:08:42 CST ---
[main 496a133] sync: auto-sync at 2025年 07月 30日 星期三 22:08:42 CST
 1 file changed, 7 insertions(+)
To github.com:bakulman/bakulman.git
   7891367..496a133  main -> main
--- Sync finished at 2025年 07月 30日 星期三 22:09:23 CST ---

--- Starting sync at 2025年 07月 31日 星期四 10:00:00 CST ---
[main aed33c4] sync: auto-sync at 2025年 07月 31日 星期四 10:00:00 CST
 2 files changed, 8 insertions(+), 1 deletion(-)
To github.com:bakulman/bakulman.git
   496a133..aed33c4  main -> main
--- Sync finished at 2025年 07月 31日 星期四 10:00:06 CST ---

--- Starting sync at 2025年 07月 31日 星期四 12:50:31 CST ---
[main 82b6a96] sync: auto-sync at 2025年 07月 31日 星期四 12:50:31 CST
 1 file changed, 7 insertions(+)
To github.com:bakulman/bakulman.git
   aed33c4..82b6a96  main -> main
--- Sync finished at 2025年 07月 31日 星期四 12:51:11 CST ---

--- Starting sync at 2025年 07月 31日 星期四 22:12:28 CST ---
[main bf5cb31] sync: auto-sync at 2025年 07月 31日 星期四 22:12:28 CST
 1 file changed, 7 insertions(+)
ssh: connect to host github.com port 22: Connection timed out
致命错误：无法读取远程仓库。

请确认您有正确的访问权限并且仓库存在。
--- Sync finished at 2025年 07月 31日 星期四 22:14:42 CST ---

--- Starting sync at 2025年 08月 01日 星期五 10:00:00 CST ---
[main 4c43a32] sync: auto-sync at 2025年 08月 01日 星期五 10:00:00 CST
 6 files changed, 50 insertions(+), 12 deletions(-)
 create mode 100644 "towrite/\346\234\252\345\221\275\345\220\215.md"
To github.com:bakulman/bakulman.git
   82b6a96..4c43a32  main -> main
--- Sync finished at 2025年 08月 01日 星期五 10:00:05 CST ---

--- Starting sync at 2025年 08月 01日 星期五 12:00:00 CST ---
[main e82b1cb] sync: auto-sync at 2025年 08月 01日 星期五 12:00:00 CST
 1 file changed, 8 insertions(+)
To github.com:bakulman/bakulman.git
   4c43a32..e82b1cb  main -> main
--- Sync finished at 2025年 08月 01日 星期五 12:00:05 CST ---

--- Starting sync at 2025年 08月 01日 星期五 22:00:00 CST ---
[main 9a895b0] sync: auto-sync at 2025年 08月 01日 星期五 22:00:00 CST
 3 files changed, 14 insertions(+), 7 deletions(-)
To github.com:bakulman/bakulman.git
   e82b1cb..9a895b0  main -> main
--- Sync finished at 2025年 08月 01日 星期五 22:00:05 CST ---

--- Starting sync at 2025年 08月 02日 星期六 10:00:00 CST ---
[main ad22824] sync: auto-sync at 2025年 08月 02日 星期六 10:00:00 CST
 1 file changed, 7 insertions(+)
To github.com:bakulman/bakulman.git
   9a895b0..ad22824  main -> main
--- Sync finished at 2025年 08月 02日 星期六 10:00:06 CST ---

--- Starting sync at 2025年 08月 02日 星期六 12:00:00 CST ---
[main f7eb1f3] sync: auto-sync at 2025年 08月 02日 星期六 12:00:00 CST
 1 file changed, 7 insertions(+)
To github.com:bakulman/bakulman.git
   ad22824..f7eb1f3  main -> main
--- Sync finished at 2025年 08月 02日 星期六 12:00:07 CST ---

--- Starting sync at 2025年 08月 02日 星期六 22:01:44 CST ---
[main 4646d28] sync: auto-sync at 2025年 08月 02日 星期六 22:01:44 CST
 7 files changed, 536 insertions(+), 27 deletions(-)
 create mode 100644 daily/2025-08-02.md
 create mode 100644 "\345\270\270\350\247\201\350\264\252\345\277\203\347\255\226\347\225\245\344\270\216\350\257\201\346\230\216.md"
 create mode 100644 "\350\247\243\351\242\230prompt.md"
ssh: connect to host github.com port 22: Connection timed out
致命错误：无法读取远程仓库。

请确认您有正确的访问权限并且仓库存在。
--- Sync finished at 2025年 08月 02日 星期六 22:03:58 CST ---

--- Starting sync at 2025年 08月 03日 星期日 10:00:00 CST ---
[main 28995a8] sync: auto-sync at 2025年 08月 03日 星期日 10:00:00 CST
 5 files changed, 21 insertions(+), 9 deletions(-)
To github.com:bakulman/bakulman.git
   f7eb1f3..28995a8  main -> main
--- Sync finished at 2025年 08月 03日 星期日 10:00:04 CST ---

--- Starting sync at 2025年 08月 03日 星期日 12:00:00 CST ---
[main 1a1767b] sync: auto-sync at 2025年 08月 03日 星期日 12:00:00 CST
 3 files changed, 35 insertions(+), 33 deletions(-)
To github.com:bakulman/bakulman.git
   28995a8..1a1767b  main -> main
--- Sync finished at 2025年 08月 03日 星期日 12:00:06 CST ---

--- Starting sync at 2025年 08月 03日 星期日 22:00:00 CST ---
[main af19ee0] sync: auto-sync at 2025年 08月 03日 星期日 22:00:00 CST
 1 file changed, 7 insertions(+)
ssh: connect to host github.com port 22: Connection timed out
致命错误：无法读取远程仓库。

请确认您有正确的访问权限并且仓库存在。
--- Sync finished at 2025年 08月 03日 星期日 22:02:13 CST ---

--- Starting sync at 2025年 08月 04日 星期一 10:00:00 CST ---
[main b6b4bc6] sync: auto-sync at 2025年 08月 04日 星期一 10:00:00 CST
 2 files changed, 10 insertions(+), 1 deletion(-)
To github.com:bakulman/bakulman.git
   1a1767b..b6b4bc6  main -> main
--- Sync finished at 2025年 08月 04日 星期一 10:00:05 CST ---

--- Starting sync at 2025年 08月 04日 星期一 12:00:00 CST ---
[main d509c07] sync: auto-sync at 2025年 08月 04日 星期一 12:00:00 CST
 1 file changed, 7 insertions(+)
To github.com:bakulman/bakulman.git
   b6b4bc6..d509c07  main -> main
--- Sync finished at 2025年 08月 04日 星期一 12:00:05 CST ---

--- Starting sync at 2025年 08月 04日 星期一 22:39:24 CST ---
[main 954e426] sync: auto-sync at 2025年 08月 04日 星期一 22:39:24 CST
 6 files changed, 264 insertions(+), 39 deletions(-)
 create mode 100644 "unordered_map\346\227\266\351\227\264\345\244\215\346\235\202\345\272\246\345\217\212\346\237\245\346\211\276.md"
 create mode 100644 "\344\270\244\346\225\260\344\271\213\345\222\214\351\227\256\351\242\230.md"
ssh: connect to host github.com port 22: Connection timed out
致命错误：无法读取远程仓库。

请确认您有正确的访问权限并且仓库存在。
--- Sync finished at 2025年 08月 04日 星期一 22:41:37 CST ---

--- Starting sync at 2025年 08月 05日 星期二 10:00:00 CST ---
[main 96aa195] sync: auto-sync at 2025年 08月 05日 星期二 10:00:00 CST
 2 files changed, 12 insertions(+), 1 deletion(-)
To github.com:bakulman/bakulman.git
   d509c07..96aa195  main -> main
--- Sync finished at 2025年 08月 05日 星期二 10:00:06 CST ---

--- Starting sync at 2025年 08月 05日 星期二 12:00:00 CST ---
[main f7fdeb8] sync: auto-sync at 2025年 08月 05日 星期二 12:00:01 CST
 2 files changed, 10 insertions(+), 7 deletions(-)
To github.com:bakulman/bakulman.git
   96aa195..f7fdeb8  main -> main
--- Sync finished at 2025年 08月 05日 星期二 12:00:05 CST ---

--- Starting sync at 2025年 08月 05日 星期二 22:00:00 CST ---
[main f31cd58] sync: auto-sync at 2025年 08月 05日 星期二 22:00:00 CST
 4 files changed, 173 insertions(+), 13 deletions(-)
 create mode 100644 Sliding Window Cost.md
To github.com:bakulman/bakulman.git
   f7fdeb8..f31cd58  main -> main
--- Sync finished at 2025年 08月 05日 星期二 22:00:04 CST ---

--- Starting sync at 2025年 08月 06日 星期三 10:00:00 CST ---
[main cdc3730] sync: auto-sync at 2025年 08月 06日 星期三 10:00:00 CST
 1 file changed, 8 insertions(+)
To github.com:bakulman/bakulman.git
   f31cd58..cdc3730  main -> main
--- Sync finished at 2025年 08月 06日 星期三 10:00:05 CST ---

--- Starting sync at 2025年 08月 06日 星期三 12:00:00 CST ---
[main a959966] sync: auto-sync at 2025年 08月 06日 星期三 12:00:00 CST
 5 files changed, 19 insertions(+), 15 deletions(-)
 create mode 100644 "\347\256\227\346\263\225\351\224\231\350\257\257.md"
To github.com:bakulman/bakulman.git
   cdc3730..a959966  main -> main
--- Sync finished at 2025年 08月 06日 星期三 12:00:05 CST ---

--- Starting sync at 2025年 08月 06日 星期三 22:00:00 CST ---
[main 14c28a6] sync: auto-sync at 2025年 08月 06日 星期三 22:00:00 CST
 6 files changed, 187 insertions(+), 21 deletions(-)
 create mode 100644 fc-list.md
 create mode 100644 "linux\346\214\207\345\256\232\346\234\215\345\212\241\345\231\250.md"
 create mode 100644 "\344\277\256\345\244\215pacman.md"
ssh: connect to host github.com port 22: Connection timed out
致命错误：无法读取远程仓库。

请确认您有正确的访问权限并且仓库存在。
--- Sync finished at 2025年 08月 06日 星期三 22:02:14 CST ---

--- Starting sync at 2025年 08月 07日 星期四 10:00:00 CST ---
[main 095cb8f] sync: auto-sync at 2025年 08月 07日 星期四 10:00:00 CST
 2 files changed, 13 insertions(+), 1 deletion(-)
To github.com:bakulman/bakulman.git
   a959966..095cb8f  main -> main
--- Sync finished at 2025年 08月 07日 星期四 10:00:05 CST ---

--- Starting sync at 2025年 08月 07日 星期四 12:32:15 CST ---
[main 5294080] sync: auto-sync at 2025年 08月 07日 星期四 12:32:15 CST
 1 file changed, 7 insertions(+)
ssh: connect to host github.com port 22: Connection timed out
致命错误：无法读取远程仓库。

请确认您有正确的访问权限并且仓库存在。
--- Sync finished at 2025年 08月 07日 星期四 12:34:29 CST ---

--- Starting sync at 2025年 08月 07日 星期四 22:07:35 CST ---
[main 7610234] sync: auto-sync at 2025年 08月 07日 星期四 22:07:35 CST
 3 files changed, 10 insertions(+), 13 deletions(-)
ssh: connect to host github.com port 22: Connection timed out
致命错误：无法读取远程仓库。

请确认您有正确的访问权限并且仓库存在。
--- Sync finished at 2025年 08月 07日 星期四 22:26:41 CST ---

--- Starting sync at 2025年 08月 08日 星期五 10:00:00 CST ---
[main daa663e] sync: auto-sync at 2025年 08月 08日 星期五 10:00:00 CST
 2 files changed, 10 insertions(+), 1 deletion(-)
To github.com:bakulman/bakulman.git
   bf1bc02..daa663e  main -> main
--- Sync finished at 2025年 08月 08日 星期五 10:00:08 CST ---

--- Starting sync at 2025年 08月 08日 星期五 12:00:00 CST ---
[main a5ae7e1] sync: auto-sync at 2025年 08月 08日 星期五 12:00:00 CST
 1 file changed, 7 insertions(+)
To github.com:bakulman/bakulman.git
   daa663e..a5ae7e1  main -> main
--- Sync finished at 2025年 08月 08日 星期五 12:00:05 CST ---

--- Starting sync at 2025年 08月 08日 星期五 22:03:12 CST ---
[main b0f8047] sync: auto-sync at 2025年 08月 08日 星期五 22:03:12 CST
 4 files changed, 25 insertions(+), 10 deletions(-)
ssh: connect to host github.com port 22: Connection timed out
致命错误：无法读取远程仓库。

请确认您有正确的访问权限并且仓库存在。
--- Sync finished at 2025年 08月 08日 星期五 22:05:26 CST ---

--- Starting sync at 2025年 08月 09日 星期六 10:00:00 CST ---
[main 84d692f] sync: auto-sync at 2025年 08月 09日 星期六 10:00:00 CST
 3 files changed, 12 insertions(+), 1 deletion(-)
To github.com:bakulman/bakulman.git
   a5ae7e1..84d692f  main -> main
--- Sync finished at 2025年 08月 09日 星期六 10:00:06 CST ---

--- Starting sync at 2025年 08月 09日 星期六 12:00:00 CST ---
[main 606f0fa] sync: auto-sync at 2025年 08月 09日 星期六 12:00:00 CST
 1 file changed, 7 insertions(+)
To github.com:bakulman/bakulman.git
   84d692f..606f0fa  main -> main
--- Sync finished at 2025年 08月 09日 星期六 12:00:04 CST ---

--- Starting sync at 2025年 08月 09日 星期六 22:00:00 CST ---
[main 7935986] sync: auto-sync at 2025年 08月 09日 星期六 22:00:00 CST
 1 file changed, 7 insertions(+)
To github.com:bakulman/bakulman.git
   606f0fa..7935986  main -> main
--- Sync finished at 2025年 08月 09日 星期六 22:00:06 CST ---

--- Starting sync at 2025年 08月 10日 星期日 10:00:00 CST ---
[main ea1e337] sync: auto-sync at 2025年 08月 10日 星期日 10:00:00 CST
 1 file changed, 7 insertions(+)
To github.com:bakulman/bakulman.git
   7935986..ea1e337  main -> main
--- Sync finished at 2025年 08月 10日 星期日 10:00:05 CST ---

--- Starting sync at 2025年 08月 10日 星期日 14:06:18 CST ---
[main 3e3c763] sync: auto-sync at 2025年 08月 10日 星期日 14:06:18 CST
 1 file changed, 7 insertions(+)
ssh: Could not resolve hostname github.com: Temporary failure in name resolution
致命错误：无法读取远程仓库。

请确认您有正确的访问权限并且仓库存在。
--- Sync finished at 2025年 08月 10日 星期日 14:06:18 CST ---

--- Starting sync at 2025年 08月 11日 星期一 10:00:00 CST ---
[main c037d50] sync: auto-sync at 2025年 08月 11日 星期一 10:00:00 CST
 4 files changed, 14 insertions(+), 9 deletions(-)
To github.com:bakulman/bakulman.git
   ea1e337..c037d50  main -> main
--- Sync finished at 2025年 08月 11日 星期一 10:00:04 CST ---

--- Starting sync at 2025年 08月 11日 星期一 12:00:00 CST ---
[main daa88bf] sync: auto-sync at 2025年 08月 11日 星期一 12:00:00 CST
 1 file changed, 7 insertions(+)
To github.com:bakulman/bakulman.git
   c037d50..daa88bf  main -> main
--- Sync finished at 2025年 08月 11日 星期一 12:00:05 CST ---

--- Starting sync at 2025年 08月 12日 星期二 10:00:00 CST ---
[main cd5857e] sync: auto-sync at 2025年 08月 12日 星期二 10:00:00 CST
 8 files changed, 309 insertions(+), 12 deletions(-)
 create mode 100644 "\346\234\252\345\221\275\345\220\215 3.md"
To github.com:bakulman/bakulman.git
   daa88bf..cd5857e  main -> main
--- Sync finished at 2025年 08月 12日 星期二 10:00:05 CST ---

--- Starting sync at 2025年 08月 12日 星期二 12:00:00 CST ---
[main d7754d1] sync: auto-sync at 2025年 08月 12日 星期二 12:00:01 CST
 1 file changed, 8 insertions(+)
To github.com:bakulman/bakulman.git
   cd5857e..d7754d1  main -> main
--- Sync finished at 2025年 08月 12日 星期二 12:00:06 CST ---

--- Starting sync at 2025年 08月 12日 星期二 22:06:36 CST ---
[main 04e3f81] sync: auto-sync at 2025年 08月 12日 星期二 22:06:36 CST
 4 files changed, 30 insertions(+), 8 deletions(-)
 create mode 100644 daily/2025-08-12.md
ssh: connect to host github.com port 22: Connection timed out
致命错误：无法读取远程仓库。

请确认您有正确的访问权限并且仓库存在。
--- Sync finished at 2025年 08月 12日 星期二 22:08:50 CST ---

--- Starting sync at 2025年 08月 13日 星期三 10:00:00 CST ---
